["INFO" - 5:21:47 AM] Extension Name: esbenp.prettier-vscode.
["INFO" - 5:21:47 AM] Extension Version: 5.0.0.
["INFO" - 5:21:47 AM] Enabling prettier for languages
[
  "css",
  "graphql",
  "html",
  "javascript",
  "javascriptreact",
  "json",
  "json5",
  "jsonc",
  "less",
  "markdown",
  "mdx",
  "mongo",
  "postcss",
  "scss",
  "typescript",
  "typescriptreact",
  "vue",
  "yaml"
]
["INFO" - 5:21:47 AM] Enabling prettier for range supported languages
[
  "graphql",
  "javascript",
  "javascriptreact",
  "json",
  "typescript",
  "typescriptreact"
]
["INFO" - 5:22:11 AM] Formatting /home/nuvallo/todo.md
["INFO" - 5:22:11 AM] Using ignore file (if present) at undefined
["INFO" - 5:22:11 AM] Using bundled version of prettier.
["INFO" - 5:22:11 AM] File Info:
{
  "ignored": false,
  "inferredParser": "markdown"
}
["INFO" - 5:22:11 AM] No local configuration (i.e. .prettierrc or .editorconfig) detected, falling back to VS Code configuration
["INFO" - 5:22:11 AM] Prettier Options:
{
  "arrowParens": "always",
  "bracketSpacing": true,
  "endOfLine": "lf",
  "htmlWhitespaceSensitivity": "css",
  "insertPragma": false,
  "jsxBracketSameLine": false,
  "jsxSingleQuote": false,
  "printWidth": 80,
  "proseWrap": "preserve",
  "quoteProps": "as-needed",
  "requirePragma": false,
  "semi": true,
  "singleQuote": false,
  "tabWidth": 2,
  "trailingComma": "es5",
  "useTabs": false,
  "vueIndentScriptAndStyle": false,
  "filepath": "/home/nuvallo/todo.md",
  "parser": "markdown"
}
["INFO" - 5:22:11 AM] Formatting completed in 69.044077ms.
