["INFO" - 11:40:06 PM] Extension Name: esbenp.prettier-vscode.
["INFO" - 11:40:06 PM] Extension Version: 5.0.0.
["INFO" - 11:40:06 PM] Enabling prettier for languages
[
  "css",
  "graphql",
  "html",
  "javascript",
  "javascriptreact",
  "json",
  "json5",
  "jsonc",
  "less",
  "markdown",
  "mdx",
  "mongo",
  "postcss",
  "scss",
  "typescript",
  "typescriptreact",
  "vue",
  "yaml"
]
["INFO" - 11:40:06 PM] Enabling prettier for range supported languages
[
  "graphql",
  "javascript",
  "javascriptreact",
  "json",
  "typescript",
  "typescriptreact"
]
["INFO" - 11:43:19 PM] Formatting /home/nuvallo/Documents/lambda/backend/guided/node-db4-guided/index.js
["INFO" - 11:43:19 PM] Using ignore file (if present) at /home/nuvallo/Documents/lambda/backend/guided/node-db4-guided/.prettierignore
["INFO" - 11:43:19 PM] Using bundled version of prettier.
["INFO" - 11:43:19 PM] File Info:
{
  "ignored": false,
  "inferredParser": "babel"
}
["INFO" - 11:43:19 PM] No local configuration (i.e. .prettierrc or .editorconfig) detected, falling back to VS Code configuration
["INFO" - 11:43:19 PM] Prettier Options:
{
  "arrowParens": "always",
  "bracketSpacing": true,
  "endOfLine": "lf",
  "htmlWhitespaceSensitivity": "css",
  "insertPragma": false,
  "jsxBracketSameLine": false,
  "jsxSingleQuote": false,
  "printWidth": 80,
  "proseWrap": "preserve",
  "quoteProps": "as-needed",
  "requirePragma": false,
  "semi": true,
  "singleQuote": false,
  "tabWidth": 2,
  "trailingComma": "es5",
  "useTabs": false,
  "vueIndentScriptAndStyle": false,
  "filepath": "/home/nuvallo/Documents/lambda/backend/guided/node-db4-guided/index.js",
  "parser": "babel"
}
["INFO" - 11:43:19 PM] Formatting completed in 79.785847ms.
["INFO" - 11:49:47 PM] Formatting /home/nuvallo/Documents/lambda/backend/guided/node-db4-guided/index.js
["INFO" - 11:49:47 PM] Using ignore file (if present) at /home/nuvallo/Documents/lambda/backend/guided/node-db4-guided/.prettierignore
["INFO" - 11:49:47 PM] Using bundled version of prettier.
["INFO" - 11:49:47 PM] File Info:
{
  "ignored": false,
  "inferredParser": "babel"
}
["INFO" - 11:49:47 PM] No local configuration (i.e. .prettierrc or .editorconfig) detected, falling back to VS Code configuration
["INFO" - 11:49:47 PM] Prettier Options:
{
  "arrowParens": "always",
  "bracketSpacing": true,
  "endOfLine": "lf",
  "htmlWhitespaceSensitivity": "css",
  "insertPragma": false,
  "jsxBracketSameLine": false,
  "jsxSingleQuote": false,
  "printWidth": 80,
  "proseWrap": "preserve",
  "quoteProps": "as-needed",
  "requirePragma": false,
  "semi": true,
  "singleQuote": false,
  "tabWidth": 2,
  "trailingComma": "es5",
  "useTabs": false,
  "vueIndentScriptAndStyle": false,
  "filepath": "/home/nuvallo/Documents/lambda/backend/guided/node-db4-guided/index.js",
  "parser": "babel"
}
["INFO" - 11:49:47 PM] Formatting completed in 61.594417ms.
