[18524][1591570743190][main][info]["Booting Postman 7.25.3, linux-5.6.15-arch1-1 on x64"]
[18524][1591570743192][main][info]["EventBus~initialize - Success"]
[18524][1591570743195][main][warn]["CloudProxyManager~init: Error while reading proxy configuration from user data - ",{"errno":-2,"code":"ENOENT","syscall":"open","path":"/home/nuvallo/.config/Postman/Postman_Config/proxy","name":"Error","message":"ENOENT: no such file or directory, open '/home/nuvallo/.config/Postman/Postman_Config/proxy'","stack":"Error: ENOENT: no such file or directory, open '/home/nuvallo/.config/Postman/Postman_Config/proxy'"}]
[18524][1591570743196][main][info]["CloudProxyManager~init - Success"]
[18524][1591570743201][main][info]["UpdateHandler~init - Success"]
[18524][1591570743201][main][info]["RuntimeExecutionService~initialized: Success"]
[18524][1591570743315][main][info]["LinuxAutoUpdater~Cleanup - Initial cleanup successful"]
[18524][1591570743368][main][warn]["main~populateInstallationId: Failed to get installationId from appSettings but with no error"]
[18524][1591570743410][main][info]["Bootstrap-models~bootstrap - Success"]
[18524][1591570743630][main][info]["window-manager~newSharedWindow: Shell loaded"]
[18524][1591570746722][main][info]["Main~AppEvents - Received booted event for process shared"]
[18524][1591570748808][main][info]["UpdateHandler~app-update-events - Received event",{"name":"checkForElectronVersionUpdated","namespace":"appUpdate"}]
[18524][1591570748829][main][info]["Main~AppEvents - Received booted event for process requester"]
[18524][1591570849113][main][info]["WindowManager~closeHandler - Closed Window (id: 4 )"]
[18524][1591570849140][main][info]["Quitting app"]
[11115][1591587236479][main][info]["Booting Postman 7.25.3, linux-5.6.15-arch1-1 on x64"]
[11115][1591587236482][main][info]["EventBus~initialize - Success"]
[11115][1591587236484][main][warn]["CloudProxyManager~init: Error while reading proxy configuration from user data - ",{"errno":-2,"code":"ENOENT","syscall":"open","path":"/home/nuvallo/.config/Postman/Postman_Config/proxy","name":"Error","message":"ENOENT: no such file or directory, open '/home/nuvallo/.config/Postman/Postman_Config/proxy'","stack":"Error: ENOENT: no such file or directory, open '/home/nuvallo/.config/Postman/Postman_Config/proxy'"}]
[11115][1591587236486][main][info]["CloudProxyManager~init - Success"]
[11115][1591587236492][main][info]["UpdateHandler~init - Success"]
[11115][1591587236494][main][info]["RuntimeExecutionService~initialized: Success"]
[11115][1591587236611][main][info]["LinuxAutoUpdater~Cleanup - Initial cleanup successful"]
[11115][1591587236706][main][info]["Bootstrap-models~bootstrap - Success"]
[11115][1591587236990][main][info]["window-manager~newSharedWindow: Shell loaded"]
[11115][1591587239115][main][info]["Main~AppEvents - Received booted event for process shared"]
[11115][1591587240933][main][info]["UpdateHandler~app-update-events - Received event",{"name":"checkForElectronVersionUpdated","namespace":"appUpdate"}]
[11115][1591587240955][main][info]["Main~AppEvents - Received booted event for process requester"]
[11115][1591589847386][main][info]["WindowManager~closeHandler - Closed Window (id: 3 )"]
[11115][1591589847426][main][info]["Quitting app"]
[2458][1591644544564][main][info]["Booting Postman 7.25.3, linux-5.6.15-arch1-1 on x64"]
[2458][1591644544567][main][info]["EventBus~initialize - Success"]
[2458][1591644544570][main][warn]["CloudProxyManager~init: Error while reading proxy configuration from user data - ",{"errno":-2,"code":"ENOENT","syscall":"open","path":"/home/nuvallo/.config/Postman/Postman_Config/proxy","name":"Error","message":"ENOENT: no such file or directory, open '/home/nuvallo/.config/Postman/Postman_Config/proxy'","stack":"Error: ENOENT: no such file or directory, open '/home/nuvallo/.config/Postman/Postman_Config/proxy'"}]
[2458][1591644544571][main][info]["CloudProxyManager~init - Success"]
[2458][1591644544582][main][info]["UpdateHandler~init - Success"]
[2458][1591644544583][main][info]["RuntimeExecutionService~initialized: Success"]
[2458][1591644544707][main][info]["LinuxAutoUpdater~Cleanup - Initial cleanup successful"]
[2458][1591644544815][main][info]["Bootstrap-models~bootstrap - Success"]
[2458][1591644545063][main][info]["window-manager~newSharedWindow: Shell loaded"]
[2458][1591644547125][main][info]["Main~AppEvents - Received booted event for process shared"]
[2458][1591644548936][main][info]["UpdateHandler~app-update-events - Received event",{"name":"checkForElectronVersionUpdated","namespace":"appUpdate"}]
[2458][1591644548944][main][info]["Main~AppEvents - Received booted event for process requester"]
[2458][1591644559303][main][info]["UpdateHandler~app-update-events - Received event",{"data":{"additionalParamsString":"installationId=59dad466-541f-4c74-9df0-92b9b57ad2d4&userId=10967317&syncEnabled=true&teamPlan=","appId":"59dad466-541f-4c74-9df0-92b9b57ad2d4","arch":"64","channel":"stable","downloadURL":"https://dl.pstmn.io/download/version/7.26.0/linux_64","downloadVersion":"7.26.0","platform":"LINUX","updateServerDomain":"https://dl.pstmn.io/","userAgent":"Mozilla/5.0 (X11; Linux x86_64) AppleWebKit/537.36 (KHTML, like Gecko) Postman/7.25.3 Chrome/78.0.3904.130 Electron/7.2.3 Safari/537.36","userId":"10967317","version":"7.25.3"},"name":"updateElectron","namespace":"appUpdate"}]
[2458][1591644559304][main][info]["LinuxUpdater~downloadUpdate - UpdateInfo received",{"additionalParamsString":"installationId=59dad466-541f-4c74-9df0-92b9b57ad2d4&userId=10967317&syncEnabled=true&teamPlan=","appId":"59dad466-541f-4c74-9df0-92b9b57ad2d4","arch":"64","channel":"stable","downloadURL":"https://dl.pstmn.io/download/version/7.26.0/linux_64","downloadVersion":"7.26.0","platform":"LINUX","updateServerDomain":"https://dl.pstmn.io/","userAgent":"Mozilla/5.0 (X11; Linux x86_64) AppleWebKit/537.36 (KHTML, like Gecko) Postman/7.25.3 Chrome/78.0.3904.130 Electron/7.2.3 Safari/537.36","userId":"10967317","version":"7.25.3"}]
[2458][1591644559500][main][info]["@postman/app-updater: error",{"errno":-13,"code":"EACCES","syscall":"open","path":"/opt/postman/Postman-1591644559304.tar.gz","name":"Error","message":"EACCES: permission denied, open '/opt/postman/Postman-1591644559304.tar.gz'","stack":"Error: EACCES: permission denied, open '/opt/postman/Postman-1591644559304.tar.gz'"},{"packageName":"Postman","eID":"Postman-1591644559304","downloadURL":"https://dl.pstmn.io/download/version/7.26.0/linux_64","downloadDirectory":"/opt/postman","downloadInfo":{"status":"DOWNLOAD_ERROR","error":{"errno":-13,"code":"EACCES","syscall":"open","path":"/opt/postman/Postman-1591644559304.tar.gz"},"downloadDirectory":"/opt/postman"}}]
[2458][1591644559501][main][info]["UpdateHandler~app-update-events - Received event",{"name":"electronAppUpdateError","namespace":"appUpdate","data":{"error":{"errno":-13,"code":"EACCES","syscall":"open","path":"/opt/postman/Postman-1591644559304.tar.gz","name":"Error","message":"EACCES: permission denied, open '/opt/postman/Postman-1591644559304.tar.gz'","stack":"Error: EACCES: permission denied, open '/opt/postman/Postman-1591644559304.tar.gz'"},"updateData":{"packageName":"Postman","eID":"Postman-1591644559304","downloadURL":"https://dl.pstmn.io/download/version/7.26.0/linux_64","downloadDirectory":"/opt/postman","downloadInfo":{"status":"DOWNLOAD_ERROR","error":{"errno":-13,"code":"EACCES","syscall":"open","path":"/opt/postman/Postman-1591644559304.tar.gz"},"downloadDirectory":"/opt/postman"}}}}]
[2458][1591649996557][main][info]["WindowManager~closeHandler - Closed Window (id: 3 )"]
[2458][1591649996584][main][info]["Quitting app"]
[4373][1591650099631][main][info]["Booting Postman 7.25.3, linux-5.6.15-arch1-1 on x64"]
[4373][1591650099634][main][info]["EventBus~initialize - Success"]
[4373][1591650099635][main][warn]["CloudProxyManager~init: Error while reading proxy configuration from user data - ",{"errno":-2,"code":"ENOENT","syscall":"open","path":"/home/nuvallo/.config/Postman/Postman_Config/proxy","name":"Error","message":"ENOENT: no such file or directory, open '/home/nuvallo/.config/Postman/Postman_Config/proxy'","stack":"Error: ENOENT: no such file or directory, open '/home/nuvallo/.config/Postman/Postman_Config/proxy'"}]
[4373][1591650099636][main][info]["CloudProxyManager~init - Success"]
[4373][1591650099641][main][info]["UpdateHandler~init - Success"]
[4373][1591650099641][main][info]["RuntimeExecutionService~initialized: Success"]
[4373][1591650099725][main][info]["LinuxAutoUpdater~Cleanup - Initial cleanup successful"]
[4373][1591650099795][main][info]["Bootstrap-models~bootstrap - Success"]
[4373][1591650100065][main][info]["window-manager~newSharedWindow: Shell loaded"]
[4373][1591650102092][main][info]["Main~AppEvents - Received booted event for process shared"]
[4373][1591650103960][main][info]["UpdateHandler~app-update-events - Received event",{"name":"checkForElectronVersionUpdated","namespace":"appUpdate"}]
[4373][1591650103985][main][info]["Main~AppEvents - Received booted event for process requester"]
[4373][1591650114453][main][info]["UpdateHandler~app-update-events - Received event",{"data":{"additionalParamsString":"installationId=59dad466-541f-4c74-9df0-92b9b57ad2d4&userId=10967317&syncEnabled=true&teamPlan=","appId":"59dad466-541f-4c74-9df0-92b9b57ad2d4","arch":"64","channel":"stable","downloadURL":"https://dl.pstmn.io/download/version/7.26.0/linux_64","downloadVersion":"7.26.0","platform":"LINUX","updateServerDomain":"https://dl.pstmn.io/","userAgent":"Mozilla/5.0 (X11; Linux x86_64) AppleWebKit/537.36 (KHTML, like Gecko) Postman/7.25.3 Chrome/78.0.3904.130 Electron/7.2.3 Safari/537.36","userId":"10967317","version":"7.25.3"},"name":"updateElectron","namespace":"appUpdate"}]
[4373][1591650114454][main][info]["LinuxUpdater~downloadUpdate - UpdateInfo received",{"additionalParamsString":"installationId=59dad466-541f-4c74-9df0-92b9b57ad2d4&userId=10967317&syncEnabled=true&teamPlan=","appId":"59dad466-541f-4c74-9df0-92b9b57ad2d4","arch":"64","channel":"stable","downloadURL":"https://dl.pstmn.io/download/version/7.26.0/linux_64","downloadVersion":"7.26.0","platform":"LINUX","updateServerDomain":"https://dl.pstmn.io/","userAgent":"Mozilla/5.0 (X11; Linux x86_64) AppleWebKit/537.36 (KHTML, like Gecko) Postman/7.25.3 Chrome/78.0.3904.130 Electron/7.2.3 Safari/537.36","userId":"10967317","version":"7.25.3"}]
[4373][1591650114633][main][info]["@postman/app-updater: error",{"errno":-13,"code":"EACCES","syscall":"open","path":"/opt/postman/Postman-1591650114454.tar.gz","name":"Error","message":"EACCES: permission denied, open '/opt/postman/Postman-1591650114454.tar.gz'","stack":"Error: EACCES: permission denied, open '/opt/postman/Postman-1591650114454.tar.gz'"},{"packageName":"Postman","eID":"Postman-1591650114454","downloadURL":"https://dl.pstmn.io/download/version/7.26.0/linux_64","downloadDirectory":"/opt/postman","downloadInfo":{"status":"DOWNLOAD_ERROR","error":{"errno":-13,"code":"EACCES","syscall":"open","path":"/opt/postman/Postman-1591650114454.tar.gz"},"downloadDirectory":"/opt/postman"}}]
[4373][1591650114635][main][info]["UpdateHandler~app-update-events - Received event",{"name":"electronAppUpdateError","namespace":"appUpdate","data":{"error":{"errno":-13,"code":"EACCES","syscall":"open","path":"/opt/postman/Postman-1591650114454.tar.gz","name":"Error","message":"EACCES: permission denied, open '/opt/postman/Postman-1591650114454.tar.gz'","stack":"Error: EACCES: permission denied, open '/opt/postman/Postman-1591650114454.tar.gz'"},"updateData":{"packageName":"Postman","eID":"Postman-1591650114454","downloadURL":"https://dl.pstmn.io/download/version/7.26.0/linux_64","downloadDirectory":"/opt/postman","downloadInfo":{"status":"DOWNLOAD_ERROR","error":{"errno":-13,"code":"EACCES","syscall":"open","path":"/opt/postman/Postman-1591650114454.tar.gz"},"downloadDirectory":"/opt/postman"}}}}]
[4373][1591654327948][main][info]["Quitting app"]
[1272][1591654474113][main][info]["Booting Postman 7.25.3, linux-5.6.15-arch1-1 on x64"]
[1272][1591654474117][main][info]["EventBus~initialize - Success"]
[1272][1591654474119][main][warn]["CloudProxyManager~init: Error while reading proxy configuration from user data - ",{"errno":-2,"code":"ENOENT","syscall":"open","path":"/home/nuvallo/.config/Postman/Postman_Config/proxy","name":"Error","message":"ENOENT: no such file or directory, open '/home/nuvallo/.config/Postman/Postman_Config/proxy'","stack":"Error: ENOENT: no such file or directory, open '/home/nuvallo/.config/Postman/Postman_Config/proxy'"}]
[1272][1591654474120][main][info]["CloudProxyManager~init - Success"]
[1272][1591654474127][main][info]["UpdateHandler~init - Success"]
[1272][1591654474129][main][info]["RuntimeExecutionService~initialized: Success"]
[1272][1591654474247][main][info]["LinuxAutoUpdater~Cleanup - Initial cleanup successful"]
[1272][1591654474369][main][info]["Bootstrap-models~bootstrap - Success"]
[1272][1591654474616][main][info]["window-manager~newSharedWindow: Shell loaded"]
[1272][1591654477081][main][info]["Main~AppEvents - Received booted event for process shared"]
[1272][1591654478877][main][info]["UpdateHandler~app-update-events - Received event",{"name":"checkForElectronVersionUpdated","namespace":"appUpdate"}]
[1272][1591654478901][main][info]["Main~AppEvents - Received booted event for process requester"]
[1272][1591654489247][main][info]["UpdateHandler~app-update-events - Received event",{"data":{"additionalParamsString":"installationId=59dad466-541f-4c74-9df0-92b9b57ad2d4&userId=10967317&syncEnabled=true&teamPlan=","appId":"59dad466-541f-4c74-9df0-92b9b57ad2d4","arch":"64","channel":"stable","downloadURL":"https://dl.pstmn.io/download/version/7.26.0/linux_64","downloadVersion":"7.26.0","platform":"LINUX","updateServerDomain":"https://dl.pstmn.io/","userAgent":"Mozilla/5.0 (X11; Linux x86_64) AppleWebKit/537.36 (KHTML, like Gecko) Postman/7.25.3 Chrome/78.0.3904.130 Electron/7.2.3 Safari/537.36","userId":"10967317","version":"7.25.3"},"name":"updateElectron","namespace":"appUpdate"}]
[1272][1591654489247][main][info]["LinuxUpdater~downloadUpdate - UpdateInfo received",{"additionalParamsString":"installationId=59dad466-541f-4c74-9df0-92b9b57ad2d4&userId=10967317&syncEnabled=true&teamPlan=","appId":"59dad466-541f-4c74-9df0-92b9b57ad2d4","arch":"64","channel":"stable","downloadURL":"https://dl.pstmn.io/download/version/7.26.0/linux_64","downloadVersion":"7.26.0","platform":"LINUX","updateServerDomain":"https://dl.pstmn.io/","userAgent":"Mozilla/5.0 (X11; Linux x86_64) AppleWebKit/537.36 (KHTML, like Gecko) Postman/7.25.3 Chrome/78.0.3904.130 Electron/7.2.3 Safari/537.36","userId":"10967317","version":"7.25.3"}]
[1272][1591654489433][main][info]["@postman/app-updater: error",{"errno":-13,"code":"EACCES","syscall":"open","path":"/opt/postman/Postman-1591654489248.tar.gz","name":"Error","message":"EACCES: permission denied, open '/opt/postman/Postman-1591654489248.tar.gz'","stack":"Error: EACCES: permission denied, open '/opt/postman/Postman-1591654489248.tar.gz'"},{"packageName":"Postman","eID":"Postman-1591654489248","downloadURL":"https://dl.pstmn.io/download/version/7.26.0/linux_64","downloadDirectory":"/opt/postman","downloadInfo":{"status":"DOWNLOAD_ERROR","error":{"errno":-13,"code":"EACCES","syscall":"open","path":"/opt/postman/Postman-1591654489248.tar.gz"},"downloadDirectory":"/opt/postman"}}]
[1272][1591654489433][main][info]["UpdateHandler~app-update-events - Received event",{"name":"electronAppUpdateError","namespace":"appUpdate","data":{"error":{"errno":-13,"code":"EACCES","syscall":"open","path":"/opt/postman/Postman-1591654489248.tar.gz","name":"Error","message":"EACCES: permission denied, open '/opt/postman/Postman-1591654489248.tar.gz'","stack":"Error: EACCES: permission denied, open '/opt/postman/Postman-1591654489248.tar.gz'"},"updateData":{"packageName":"Postman","eID":"Postman-1591654489248","downloadURL":"https://dl.pstmn.io/download/version/7.26.0/linux_64","downloadDirectory":"/opt/postman","downloadInfo":{"status":"DOWNLOAD_ERROR","error":{"errno":-13,"code":"EACCES","syscall":"open","path":"/opt/postman/Postman-1591654489248.tar.gz"},"downloadDirectory":"/opt/postman"}}}}]
[1272][1591661362308][main][info]["WindowManager~closeHandler - Closed Window (id: 3 )"]
[1272][1591661362334][main][info]["Quitting app"]
[3720][1591664057783][main][info]["Booting Postman 7.25.3, linux-5.6.15-arch1-1 on x64"]
[3720][1591664057785][main][info]["EventBus~initialize - Success"]
[3720][1591664057787][main][warn]["CloudProxyManager~init: Error while reading proxy configuration from user data - ",{"errno":-2,"code":"ENOENT","syscall":"open","path":"/home/nuvallo/.config/Postman/Postman_Config/proxy","name":"Error","message":"ENOENT: no such file or directory, open '/home/nuvallo/.config/Postman/Postman_Config/proxy'","stack":"Error: ENOENT: no such file or directory, open '/home/nuvallo/.config/Postman/Postman_Config/proxy'"}]
[3720][1591664057788][main][info]["CloudProxyManager~init - Success"]
[3720][1591664057794][main][info]["UpdateHandler~init - Success"]
[3720][1591664057794][main][info]["RuntimeExecutionService~initialized: Success"]
[3720][1591664057913][main][info]["LinuxAutoUpdater~Cleanup - Initial cleanup successful"]
[3720][1591664058035][main][info]["Bootstrap-models~bootstrap - Success"]
[3720][1591664058307][main][info]["window-manager~newSharedWindow: Shell loaded"]
[3720][1591664060174][main][info]["Main~AppEvents - Received booted event for process shared"]
[3720][1591664062132][main][info]["UpdateHandler~app-update-events - Received event",{"name":"checkForElectronVersionUpdated","namespace":"appUpdate"}]
[3720][1591664062143][main][info]["Main~AppEvents - Received booted event for process requester"]
[3720][1591664072484][main][info]["UpdateHandler~app-update-events - Received event",{"data":{"additionalParamsString":"installationId=59dad466-541f-4c74-9df0-92b9b57ad2d4&userId=10967317&syncEnabled=true&teamPlan=","appId":"59dad466-541f-4c74-9df0-92b9b57ad2d4","arch":"64","channel":"stable","downloadURL":"https://dl.pstmn.io/download/version/7.26.0/linux_64","downloadVersion":"7.26.0","platform":"LINUX","updateServerDomain":"https://dl.pstmn.io/","userAgent":"Mozilla/5.0 (X11; Linux x86_64) AppleWebKit/537.36 (KHTML, like Gecko) Postman/7.25.3 Chrome/78.0.3904.130 Electron/7.2.3 Safari/537.36","userId":"10967317","version":"7.25.3"},"name":"updateElectron","namespace":"appUpdate"}]
[3720][1591664072484][main][info]["LinuxUpdater~downloadUpdate - UpdateInfo received",{"additionalParamsString":"installationId=59dad466-541f-4c74-9df0-92b9b57ad2d4&userId=10967317&syncEnabled=true&teamPlan=","appId":"59dad466-541f-4c74-9df0-92b9b57ad2d4","arch":"64","channel":"stable","downloadURL":"https://dl.pstmn.io/download/version/7.26.0/linux_64","downloadVersion":"7.26.0","platform":"LINUX","updateServerDomain":"https://dl.pstmn.io/","userAgent":"Mozilla/5.0 (X11; Linux x86_64) AppleWebKit/537.36 (KHTML, like Gecko) Postman/7.25.3 Chrome/78.0.3904.130 Electron/7.2.3 Safari/537.36","userId":"10967317","version":"7.25.3"}]
[3720][1591664072716][main][info]["@postman/app-updater: error",{"errno":-13,"code":"EACCES","syscall":"open","path":"/opt/postman/Postman-1591664072485.tar.gz","name":"Error","message":"EACCES: permission denied, open '/opt/postman/Postman-1591664072485.tar.gz'","stack":"Error: EACCES: permission denied, open '/opt/postman/Postman-1591664072485.tar.gz'"},{"packageName":"Postman","eID":"Postman-1591664072485","downloadURL":"https://dl.pstmn.io/download/version/7.26.0/linux_64","downloadDirectory":"/opt/postman","downloadInfo":{"status":"DOWNLOAD_ERROR","error":{"errno":-13,"code":"EACCES","syscall":"open","path":"/opt/postman/Postman-1591664072485.tar.gz"},"downloadDirectory":"/opt/postman"}}]
[3720][1591664072718][main][info]["UpdateHandler~app-update-events - Received event",{"name":"electronAppUpdateError","namespace":"appUpdate","data":{"error":{"errno":-13,"code":"EACCES","syscall":"open","path":"/opt/postman/Postman-1591664072485.tar.gz","name":"Error","message":"EACCES: permission denied, open '/opt/postman/Postman-1591664072485.tar.gz'","stack":"Error: EACCES: permission denied, open '/opt/postman/Postman-1591664072485.tar.gz'"},"updateData":{"packageName":"Postman","eID":"Postman-1591664072485","downloadURL":"https://dl.pstmn.io/download/version/7.26.0/linux_64","downloadDirectory":"/opt/postman","downloadInfo":{"status":"DOWNLOAD_ERROR","error":{"errno":-13,"code":"EACCES","syscall":"open","path":"/opt/postman/Postman-1591664072485.tar.gz"},"downloadDirectory":"/opt/postman"}}}}]
[3720][1591664817275][main][info]["Quitting app"]
[1536][1591741383402][main][info]["Booting Postman 7.25.3, linux-5.6.15-arch1-1 on x64"]
[1536][1591741383404][main][info]["EventBus~initialize - Success"]
[1536][1591741383406][main][warn]["CloudProxyManager~init: Error while reading proxy configuration from user data - ",{"errno":-2,"code":"ENOENT","syscall":"open","path":"/home/nuvallo/.config/Postman/Postman_Config/proxy","name":"Error","message":"ENOENT: no such file or directory, open '/home/nuvallo/.config/Postman/Postman_Config/proxy'","stack":"Error: ENOENT: no such file or directory, open '/home/nuvallo/.config/Postman/Postman_Config/proxy'"}]
[1536][1591741383407][main][info]["CloudProxyManager~init - Success"]
[1536][1591741383412][main][info]["UpdateHandler~init - Success"]
[1536][1591741383412][main][info]["RuntimeExecutionService~initialized: Success"]
[1536][1591741383530][main][info]["LinuxAutoUpdater~Cleanup - Initial cleanup successful"]
[1536][1591741383665][main][info]["Bootstrap-models~bootstrap - Success"]
[1536][1591741383931][main][info]["window-manager~newSharedWindow: Shell loaded"]
[1536][1591741386572][main][info]["Main~AppEvents - Received booted event for process shared"]
[1536][1591741388520][main][info]["UpdateHandler~app-update-events - Received event",{"name":"checkForElectronVersionUpdated","namespace":"appUpdate"}]
[1536][1591741388546][main][info]["Main~AppEvents - Received booted event for process requester"]
[1536][1591741398944][main][info]["UpdateHandler~app-update-events - Received event",{"data":{"additionalParamsString":"installationId=59dad466-541f-4c74-9df0-92b9b57ad2d4&userId=10967317&syncEnabled=true&teamPlan=","appId":"59dad466-541f-4c74-9df0-92b9b57ad2d4","arch":"64","channel":"stable","downloadURL":"https://dl.pstmn.io/download/version/7.26.0/linux_64","downloadVersion":"7.26.0","platform":"LINUX","updateServerDomain":"https://dl.pstmn.io/","userAgent":"Mozilla/5.0 (X11; Linux x86_64) AppleWebKit/537.36 (KHTML, like Gecko) Postman/7.25.3 Chrome/78.0.3904.130 Electron/7.2.3 Safari/537.36","userId":"10967317","version":"7.25.3"},"name":"updateElectron","namespace":"appUpdate"}]
[1536][1591741398945][main][info]["LinuxUpdater~downloadUpdate - UpdateInfo received",{"additionalParamsString":"installationId=59dad466-541f-4c74-9df0-92b9b57ad2d4&userId=10967317&syncEnabled=true&teamPlan=","appId":"59dad466-541f-4c74-9df0-92b9b57ad2d4","arch":"64","channel":"stable","downloadURL":"https://dl.pstmn.io/download/version/7.26.0/linux_64","downloadVersion":"7.26.0","platform":"LINUX","updateServerDomain":"https://dl.pstmn.io/","userAgent":"Mozilla/5.0 (X11; Linux x86_64) AppleWebKit/537.36 (KHTML, like Gecko) Postman/7.25.3 Chrome/78.0.3904.130 Electron/7.2.3 Safari/537.36","userId":"10967317","version":"7.25.3"}]
[1536][1591741399167][main][info]["@postman/app-updater: error",{"errno":-13,"code":"EACCES","syscall":"open","path":"/opt/postman/Postman-1591741398945.tar.gz","name":"Error","message":"EACCES: permission denied, open '/opt/postman/Postman-1591741398945.tar.gz'","stack":"Error: EACCES: permission denied, open '/opt/postman/Postman-1591741398945.tar.gz'"},{"packageName":"Postman","eID":"Postman-1591741398945","downloadURL":"https://dl.pstmn.io/download/version/7.26.0/linux_64","downloadDirectory":"/opt/postman","downloadInfo":{"status":"DOWNLOAD_ERROR","error":{"errno":-13,"code":"EACCES","syscall":"open","path":"/opt/postman/Postman-1591741398945.tar.gz"},"downloadDirectory":"/opt/postman"}}]
[1536][1591741399168][main][info]["UpdateHandler~app-update-events - Received event",{"name":"electronAppUpdateError","namespace":"appUpdate","data":{"error":{"errno":-13,"code":"EACCES","syscall":"open","path":"/opt/postman/Postman-1591741398945.tar.gz","name":"Error","message":"EACCES: permission denied, open '/opt/postman/Postman-1591741398945.tar.gz'","stack":"Error: EACCES: permission denied, open '/opt/postman/Postman-1591741398945.tar.gz'"},"updateData":{"packageName":"Postman","eID":"Postman-1591741398945","downloadURL":"https://dl.pstmn.io/download/version/7.26.0/linux_64","downloadDirectory":"/opt/postman","downloadInfo":{"status":"DOWNLOAD_ERROR","error":{"errno":-13,"code":"EACCES","syscall":"open","path":"/opt/postman/Postman-1591741398945.tar.gz"},"downloadDirectory":"/opt/postman"}}}}]
[1536][1591764938131][main][info]["WindowManager~closeHandler - Closed Window (id: 3 )"]
[1536][1591764938192][main][info]["Quitting app"]
[2667][1591825793765][main][info]["Booting Postman 7.25.3, linux-5.6.15-arch1-1 on x64"]
[2667][1591825793767][main][info]["EventBus~initialize - Success"]
[2667][1591825793771][main][warn]["CloudProxyManager~init: Error while reading proxy configuration from user data - ",{"errno":-2,"code":"ENOENT","syscall":"open","path":"/home/nuvallo/.config/Postman/Postman_Config/proxy","name":"Error","message":"ENOENT: no such file or directory, open '/home/nuvallo/.config/Postman/Postman_Config/proxy'","stack":"Error: ENOENT: no such file or directory, open '/home/nuvallo/.config/Postman/Postman_Config/proxy'"}]
[2667][1591825793772][main][info]["CloudProxyManager~init - Success"]
[2667][1591825793777][main][info]["UpdateHandler~init - Success"]
[2667][1591825793777][main][info]["RuntimeExecutionService~initialized: Success"]
[2667][1591825793902][main][info]["LinuxAutoUpdater~Cleanup - Initial cleanup successful"]
[2667][1591825794057][main][info]["Bootstrap-models~bootstrap - Success"]
[2667][1591825794294][main][info]["window-manager~newSharedWindow: Shell loaded"]
[2667][1591825796140][main][info]["Main~AppEvents - Received booted event for process shared"]
[2667][1591825798067][main][info]["UpdateHandler~app-update-events - Received event",{"name":"checkForElectronVersionUpdated","namespace":"appUpdate"}]
[2667][1591825798089][main][info]["Main~AppEvents - Received booted event for process requester"]
[2667][1591825808530][main][info]["UpdateHandler~app-update-events - Received event",{"data":{"additionalParamsString":"installationId=59dad466-541f-4c74-9df0-92b9b57ad2d4&userId=10967317&syncEnabled=true&teamPlan=","appId":"59dad466-541f-4c74-9df0-92b9b57ad2d4","arch":"64","channel":"stable","downloadURL":"https://dl.pstmn.io/download/version/7.26.0/linux_64","downloadVersion":"7.26.0","platform":"LINUX","updateServerDomain":"https://dl.pstmn.io/","userAgent":"Mozilla/5.0 (X11; Linux x86_64) AppleWebKit/537.36 (KHTML, like Gecko) Postman/7.25.3 Chrome/78.0.3904.130 Electron/7.2.3 Safari/537.36","userId":"10967317","version":"7.25.3"},"name":"updateElectron","namespace":"appUpdate"}]
[2667][1591825808531][main][info]["LinuxUpdater~downloadUpdate - UpdateInfo received",{"additionalParamsString":"installationId=59dad466-541f-4c74-9df0-92b9b57ad2d4&userId=10967317&syncEnabled=true&teamPlan=","appId":"59dad466-541f-4c74-9df0-92b9b57ad2d4","arch":"64","channel":"stable","downloadURL":"https://dl.pstmn.io/download/version/7.26.0/linux_64","downloadVersion":"7.26.0","platform":"LINUX","updateServerDomain":"https://dl.pstmn.io/","userAgent":"Mozilla/5.0 (X11; Linux x86_64) AppleWebKit/537.36 (KHTML, like Gecko) Postman/7.25.3 Chrome/78.0.3904.130 Electron/7.2.3 Safari/537.36","userId":"10967317","version":"7.25.3"}]
[2667][1591825808738][main][info]["@postman/app-updater: error",{"errno":-13,"code":"EACCES","syscall":"open","path":"/opt/postman/Postman-1591825808531.tar.gz","name":"Error","message":"EACCES: permission denied, open '/opt/postman/Postman-1591825808531.tar.gz'","stack":"Error: EACCES: permission denied, open '/opt/postman/Postman-1591825808531.tar.gz'"},{"packageName":"Postman","eID":"Postman-1591825808531","downloadURL":"https://dl.pstmn.io/download/version/7.26.0/linux_64","downloadDirectory":"/opt/postman","downloadInfo":{"status":"DOWNLOAD_ERROR","error":{"errno":-13,"code":"EACCES","syscall":"open","path":"/opt/postman/Postman-1591825808531.tar.gz"},"downloadDirectory":"/opt/postman"}}]
[2667][1591825808739][main][info]["UpdateHandler~app-update-events - Received event",{"name":"electronAppUpdateError","namespace":"appUpdate","data":{"error":{"errno":-13,"code":"EACCES","syscall":"open","path":"/opt/postman/Postman-1591825808531.tar.gz","name":"Error","message":"EACCES: permission denied, open '/opt/postman/Postman-1591825808531.tar.gz'","stack":"Error: EACCES: permission denied, open '/opt/postman/Postman-1591825808531.tar.gz'"},"updateData":{"packageName":"Postman","eID":"Postman-1591825808531","downloadURL":"https://dl.pstmn.io/download/version/7.26.0/linux_64","downloadDirectory":"/opt/postman","downloadInfo":{"status":"DOWNLOAD_ERROR","error":{"errno":-13,"code":"EACCES","syscall":"open","path":"/opt/postman/Postman-1591825808531.tar.gz"},"downloadDirectory":"/opt/postman"}}}}]
[2667][1591826389934][main][info]["WindowManager~closeHandler - Closed Window (id: 3 )"]
[2667][1591826389965][main][info]["Quitting app"]
[3818][1591826513533][main][info]["Booting Postman 7.25.3, linux-5.6.15-arch1-1 on x64"]
[3818][1591826513536][main][info]["EventBus~initialize - Success"]
[3818][1591826513539][main][warn]["CloudProxyManager~init: Error while reading proxy configuration from user data - ",{"errno":-2,"code":"ENOENT","syscall":"open","path":"/home/nuvallo/.config/Postman/Postman_Config/proxy","name":"Error","message":"ENOENT: no such file or directory, open '/home/nuvallo/.config/Postman/Postman_Config/proxy'","stack":"Error: ENOENT: no such file or directory, open '/home/nuvallo/.config/Postman/Postman_Config/proxy'"}]
[3818][1591826513540][main][info]["CloudProxyManager~init - Success"]
[3818][1591826513548][main][info]["UpdateHandler~init - Success"]
[3818][1591826513548][main][info]["RuntimeExecutionService~initialized: Success"]
[3818][1591826513632][main][info]["LinuxAutoUpdater~Cleanup - Initial cleanup successful"]
[3818][1591826513770][main][info]["Bootstrap-models~bootstrap - Success"]
[3818][1591826513969][main][info]["window-manager~newSharedWindow: Shell loaded"]
[3818][1591826516181][main][info]["Main~AppEvents - Received booted event for process shared"]
[3818][1591826518199][main][info]["UpdateHandler~app-update-events - Received event",{"name":"checkForElectronVersionUpdated","namespace":"appUpdate"}]
[3818][1591826518217][main][info]["Main~AppEvents - Received booted event for process requester"]
[3818][1591826528485][main][info]["UpdateHandler~app-update-events - Received event",{"data":{"additionalParamsString":"installationId=59dad466-541f-4c74-9df0-92b9b57ad2d4&userId=10967317&syncEnabled=true&teamPlan=","appId":"59dad466-541f-4c74-9df0-92b9b57ad2d4","arch":"64","channel":"stable","downloadURL":"https://dl.pstmn.io/download/version/7.26.0/linux_64","downloadVersion":"7.26.0","platform":"LINUX","updateServerDomain":"https://dl.pstmn.io/","userAgent":"Mozilla/5.0 (X11; Linux x86_64) AppleWebKit/537.36 (KHTML, like Gecko) Postman/7.25.3 Chrome/78.0.3904.130 Electron/7.2.3 Safari/537.36","userId":"10967317","version":"7.25.3"},"name":"updateElectron","namespace":"appUpdate"}]
[3818][1591826528486][main][info]["LinuxUpdater~downloadUpdate - UpdateInfo received",{"additionalParamsString":"installationId=59dad466-541f-4c74-9df0-92b9b57ad2d4&userId=10967317&syncEnabled=true&teamPlan=","appId":"59dad466-541f-4c74-9df0-92b9b57ad2d4","arch":"64","channel":"stable","downloadURL":"https://dl.pstmn.io/download/version/7.26.0/linux_64","downloadVersion":"7.26.0","platform":"LINUX","updateServerDomain":"https://dl.pstmn.io/","userAgent":"Mozilla/5.0 (X11; Linux x86_64) AppleWebKit/537.36 (KHTML, like Gecko) Postman/7.25.3 Chrome/78.0.3904.130 Electron/7.2.3 Safari/537.36","userId":"10967317","version":"7.25.3"}]
[3818][1591826528696][main][info]["@postman/app-updater: error",{"errno":-13,"code":"EACCES","syscall":"open","path":"/opt/postman/Postman-1591826528486.tar.gz","name":"Error","message":"EACCES: permission denied, open '/opt/postman/Postman-1591826528486.tar.gz'","stack":"Error: EACCES: permission denied, open '/opt/postman/Postman-1591826528486.tar.gz'"},{"packageName":"Postman","eID":"Postman-1591826528486","downloadURL":"https://dl.pstmn.io/download/version/7.26.0/linux_64","downloadDirectory":"/opt/postman","downloadInfo":{"status":"DOWNLOAD_ERROR","error":{"errno":-13,"code":"EACCES","syscall":"open","path":"/opt/postman/Postman-1591826528486.tar.gz"},"downloadDirectory":"/opt/postman"}}]
[3818][1591826528697][main][info]["UpdateHandler~app-update-events - Received event",{"name":"electronAppUpdateError","namespace":"appUpdate","data":{"error":{"errno":-13,"code":"EACCES","syscall":"open","path":"/opt/postman/Postman-1591826528486.tar.gz","name":"Error","message":"EACCES: permission denied, open '/opt/postman/Postman-1591826528486.tar.gz'","stack":"Error: EACCES: permission denied, open '/opt/postman/Postman-1591826528486.tar.gz'"},"updateData":{"packageName":"Postman","eID":"Postman-1591826528486","downloadURL":"https://dl.pstmn.io/download/version/7.26.0/linux_64","downloadDirectory":"/opt/postman","downloadInfo":{"status":"DOWNLOAD_ERROR","error":{"errno":-13,"code":"EACCES","syscall":"open","path":"/opt/postman/Postman-1591826528486.tar.gz"},"downloadDirectory":"/opt/postman"}}}}]
[3818][1591826683315][main][info]["WindowManager~closeHandler - Closed Window (id: 3 )"]
[3818][1591826683361][main][info]["Quitting app"]
[5638][1591832523881][main][info]["Booting Postman 7.25.3, linux-5.6.15-arch1-1 on x64"]
[5638][1591832523884][main][info]["EventBus~initialize - Success"]
[5638][1591832523887][main][warn]["CloudProxyManager~init: Error while reading proxy configuration from user data - ",{"errno":-2,"code":"ENOENT","syscall":"open","path":"/home/nuvallo/.config/Postman/Postman_Config/proxy","name":"Error","message":"ENOENT: no such file or directory, open '/home/nuvallo/.config/Postman/Postman_Config/proxy'","stack":"Error: ENOENT: no such file or directory, open '/home/nuvallo/.config/Postman/Postman_Config/proxy'"}]
[5638][1591832523888][main][info]["CloudProxyManager~init - Success"]
[5638][1591832523896][main][info]["UpdateHandler~init - Success"]
[5638][1591832523897][main][info]["RuntimeExecutionService~initialized: Success"]
[5638][1591832524013][main][info]["LinuxAutoUpdater~Cleanup - Initial cleanup successful"]
[5638][1591832524144][main][info]["Bootstrap-models~bootstrap - Success"]
[5638][1591832524388][main][info]["window-manager~newSharedWindow: Shell loaded"]
[5638][1591832527132][main][info]["Main~AppEvents - Received booted event for process shared"]
[5638][1591832529394][main][info]["UpdateHandler~app-update-events - Received event",{"name":"checkForElectronVersionUpdated","namespace":"appUpdate"}]
[5638][1591832529414][main][info]["Main~AppEvents - Received booted event for process requester"]
[5638][1591832539715][main][info]["UpdateHandler~app-update-events - Received event",{"data":{"additionalParamsString":"installationId=59dad466-541f-4c74-9df0-92b9b57ad2d4&userId=10967317&syncEnabled=true&teamPlan=","appId":"59dad466-541f-4c74-9df0-92b9b57ad2d4","arch":"64","channel":"stable","downloadURL":"https://dl.pstmn.io/download/version/7.26.0/linux_64","downloadVersion":"7.26.0","platform":"LINUX","updateServerDomain":"https://dl.pstmn.io/","userAgent":"Mozilla/5.0 (X11; Linux x86_64) AppleWebKit/537.36 (KHTML, like Gecko) Postman/7.25.3 Chrome/78.0.3904.130 Electron/7.2.3 Safari/537.36","userId":"10967317","version":"7.25.3"},"name":"updateElectron","namespace":"appUpdate"}]
[5638][1591832539715][main][info]["LinuxUpdater~downloadUpdate - UpdateInfo received",{"additionalParamsString":"installationId=59dad466-541f-4c74-9df0-92b9b57ad2d4&userId=10967317&syncEnabled=true&teamPlan=","appId":"59dad466-541f-4c74-9df0-92b9b57ad2d4","arch":"64","channel":"stable","downloadURL":"https://dl.pstmn.io/download/version/7.26.0/linux_64","downloadVersion":"7.26.0","platform":"LINUX","updateServerDomain":"https://dl.pstmn.io/","userAgent":"Mozilla/5.0 (X11; Linux x86_64) AppleWebKit/537.36 (KHTML, like Gecko) Postman/7.25.3 Chrome/78.0.3904.130 Electron/7.2.3 Safari/537.36","userId":"10967317","version":"7.25.3"}]
[5638][1591832539936][main][info]["@postman/app-updater: error",{"errno":-13,"code":"EACCES","syscall":"open","path":"/opt/postman/Postman-1591832539716.tar.gz","name":"Error","message":"EACCES: permission denied, open '/opt/postman/Postman-1591832539716.tar.gz'","stack":"Error: EACCES: permission denied, open '/opt/postman/Postman-1591832539716.tar.gz'"},{"packageName":"Postman","eID":"Postman-1591832539716","downloadURL":"https://dl.pstmn.io/download/version/7.26.0/linux_64","downloadDirectory":"/opt/postman","downloadInfo":{"status":"DOWNLOAD_ERROR","error":{"errno":-13,"code":"EACCES","syscall":"open","path":"/opt/postman/Postman-1591832539716.tar.gz"},"downloadDirectory":"/opt/postman"}}]
[5638][1591832539937][main][info]["UpdateHandler~app-update-events - Received event",{"name":"electronAppUpdateError","namespace":"appUpdate","data":{"error":{"errno":-13,"code":"EACCES","syscall":"open","path":"/opt/postman/Postman-1591832539716.tar.gz","name":"Error","message":"EACCES: permission denied, open '/opt/postman/Postman-1591832539716.tar.gz'","stack":"Error: EACCES: permission denied, open '/opt/postman/Postman-1591832539716.tar.gz'"},"updateData":{"packageName":"Postman","eID":"Postman-1591832539716","downloadURL":"https://dl.pstmn.io/download/version/7.26.0/linux_64","downloadDirectory":"/opt/postman","downloadInfo":{"status":"DOWNLOAD_ERROR","error":{"errno":-13,"code":"EACCES","syscall":"open","path":"/opt/postman/Postman-1591832539716.tar.gz"},"downloadDirectory":"/opt/postman"}}}}]
