[18524][1591570743608][shell][info]["EventBus~initialize - Success"]
[18524][1591570743619][shell][info]["bootShellCrashReporter~ Success"]
[18524][1591570743621][shell][info]["shellController~init: Success"]
[18524][1591570743622][shell][info]["shellMeta~init: Success"]
[18524][1591570743642][shell][info]["init~setViewAttributes - Initializing view with opts:",{"devtools":false,"id":2,"startTime":1591570743244,"type":"shared","partitionId":"default"}]
[18524][1591570743643][shell][info]["init~setViewAttributes - Success"]
[18524][1591570747034][shell][info]["EventBus~initialize - Success"]
[18524][1591570747045][shell][info]["bootShellCrashReporter~ Success"]
[18524][1591570747047][shell][info]["shellController~init: Success"]
[18524][1591570747047][shell][info]["shellMeta~init: Success"]
[18524][1591570747064][shell][info]["init~setViewAttributes - Initializing view with opts:",{"allIds":[4],"devtools":false,"id":4,"primaryId":4,"startTime":1591570746760,"type":"requester","partitionId":"default"}]
[18524][1591570747066][shell][info]["init~setViewAttributes - Success"]
[11115][1591587236963][shell][info]["EventBus~initialize - Success"]
[11115][1591587236977][shell][info]["bootShellCrashReporter~ Success"]
[11115][1591587236978][shell][info]["shellController~init: Success"]
[11115][1591587236979][shell][info]["shellMeta~init: Success"]
[11115][1591587236995][shell][info]["init~setViewAttributes - Initializing view with opts:",{"devtools":false,"id":2,"startTime":1591587236563,"type":"shared","partitionId":"default"}]
[11115][1591587236997][shell][info]["init~setViewAttributes - Success"]
[11115][1591587239419][shell][info]["EventBus~initialize - Success"]
[11115][1591587239428][shell][info]["bootShellCrashReporter~ Success"]
[11115][1591587239429][shell][info]["shellController~init: Success"]
[11115][1591587239430][shell][info]["shellMeta~init: Success"]
[11115][1591587239443][shell][info]["init~setViewAttributes - Initializing view with opts:",{"allIds":[3],"devtools":false,"id":3,"primaryId":3,"startTime":1591587239170,"type":"requester","partitionId":"default"}]
[11115][1591587239445][shell][info]["init~setViewAttributes - Success"]
[2458][1591644545033][shell][info]["EventBus~initialize - Success"]
[2458][1591644545048][shell][info]["bootShellCrashReporter~ Success"]
[2458][1591644545050][shell][info]["shellController~init: Success"]
[2458][1591644545050][shell][info]["shellMeta~init: Success"]
[2458][1591644545070][shell][info]["init~setViewAttributes - Initializing view with opts:",{"devtools":false,"id":2,"startTime":1591644544669,"type":"shared","partitionId":"default"}]
[2458][1591644545073][shell][info]["init~setViewAttributes - Success"]
[2458][1591644547426][shell][info]["EventBus~initialize - Success"]
[2458][1591644547434][shell][info]["bootShellCrashReporter~ Success"]
[2458][1591644547436][shell][info]["shellController~init: Success"]
[2458][1591644547436][shell][info]["shellMeta~init: Success"]
[2458][1591644547449][shell][info]["init~setViewAttributes - Initializing view with opts:",{"allIds":[3],"devtools":false,"id":3,"primaryId":3,"startTime":1591644547170,"type":"requester","partitionId":"default"}]
[2458][1591644547451][shell][info]["init~setViewAttributes - Success"]
[4373][1591650100044][shell][info]["EventBus~initialize - Success"]
[4373][1591650100054][shell][info]["bootShellCrashReporter~ Success"]
[4373][1591650100055][shell][info]["shellController~init: Success"]
[4373][1591650100056][shell][info]["shellMeta~init: Success"]
[4373][1591650100072][shell][info]["init~setViewAttributes - Initializing view with opts:",{"devtools":false,"id":2,"startTime":1591650099692,"type":"shared","partitionId":"default"}]
[4373][1591650100073][shell][info]["init~setViewAttributes - Success"]
[4373][1591650102389][shell][info]["EventBus~initialize - Success"]
[4373][1591650102398][shell][info]["bootShellCrashReporter~ Success"]
[4373][1591650102400][shell][info]["shellController~init: Success"]
[4373][1591650102400][shell][info]["shellMeta~init: Success"]
[4373][1591650102414][shell][info]["init~setViewAttributes - Initializing view with opts:",{"allIds":[3],"devtools":false,"id":3,"primaryId":3,"startTime":1591650102126,"type":"requester","partitionId":"default"}]
[4373][1591650102415][shell][info]["init~setViewAttributes - Success"]
[1272][1591654474590][shell][info]["EventBus~initialize - Success"]
[1272][1591654474602][shell][info]["bootShellCrashReporter~ Success"]
[1272][1591654474605][shell][info]["shellController~init: Success"]
[1272][1591654474605][shell][info]["shellMeta~init: Success"]
[1272][1591654474624][shell][info]["init~setViewAttributes - Initializing view with opts:",{"devtools":false,"id":2,"startTime":1591654474201,"type":"shared","partitionId":"default"}]
[1272][1591654474625][shell][info]["init~setViewAttributes - Success"]
[1272][1591654477393][shell][info]["EventBus~initialize - Success"]
[1272][1591654477401][shell][info]["bootShellCrashReporter~ Success"]
[1272][1591654477404][shell][info]["shellController~init: Success"]
[1272][1591654477404][shell][info]["shellMeta~init: Success"]
[1272][1591654477417][shell][info]["init~setViewAttributes - Initializing view with opts:",{"allIds":[3],"devtools":false,"id":3,"primaryId":3,"startTime":1591654477129,"type":"requester","partitionId":"default"}]
[1272][1591654477418][shell][info]["init~setViewAttributes - Success"]
[3720][1591664058279][shell][info]["EventBus~initialize - Success"]
[3720][1591664058294][shell][info]["bootShellCrashReporter~ Success"]
[3720][1591664058295][shell][info]["shellController~init: Success"]
[3720][1591664058296][shell][info]["shellMeta~init: Success"]
[3720][1591664058313][shell][info]["init~setViewAttributes - Initializing view with opts:",{"devtools":false,"id":2,"startTime":1591664057873,"type":"shared","partitionId":"default"}]
[3720][1591664058314][shell][info]["init~setViewAttributes - Success"]
[3720][1591664060521][shell][info]["EventBus~initialize - Success"]
[3720][1591664060530][shell][info]["bootShellCrashReporter~ Success"]
[3720][1591664060531][shell][info]["shellController~init: Success"]
[3720][1591664060532][shell][info]["shellMeta~init: Success"]
[3720][1591664060545][shell][info]["init~setViewAttributes - Initializing view with opts:",{"allIds":[3],"devtools":false,"id":3,"primaryId":3,"startTime":1591664060225,"type":"requester","partitionId":"default"}]
[3720][1591664060547][shell][info]["init~setViewAttributes - Success"]
[1536][1591741383901][shell][info]["EventBus~initialize - Success"]
[1536][1591741383916][shell][info]["bootShellCrashReporter~ Success"]
[1536][1591741383918][shell][info]["shellController~init: Success"]
[1536][1591741383920][shell][info]["shellMeta~init: Success"]
[1536][1591741383938][shell][info]["init~setViewAttributes - Initializing view with opts:",{"devtools":false,"id":2,"startTime":1591741383488,"type":"shared","partitionId":"default"}]
[1536][1591741383940][shell][info]["init~setViewAttributes - Success"]
[1536][1591741386943][shell][info]["EventBus~initialize - Success"]
[1536][1591741386951][shell][info]["bootShellCrashReporter~ Success"]
[1536][1591741386953][shell][info]["shellController~init: Success"]
[1536][1591741386953][shell][info]["shellMeta~init: Success"]
[1536][1591741386967][shell][info]["init~setViewAttributes - Initializing view with opts:",{"allIds":[3],"devtools":false,"id":3,"primaryId":3,"startTime":1591741386653,"type":"requester","partitionId":"default"}]
[1536][1591741386968][shell][info]["init~setViewAttributes - Success"]
[2667][1591825794266][shell][info]["EventBus~initialize - Success"]
[2667][1591825794280][shell][info]["bootShellCrashReporter~ Success"]
[2667][1591825794282][shell][info]["shellController~init: Success"]
[2667][1591825794282][shell][info]["shellMeta~init: Success"]
[2667][1591825794300][shell][info]["init~setViewAttributes - Initializing view with opts:",{"devtools":false,"id":2,"startTime":1591825793849,"type":"shared","partitionId":"default"}]
[2667][1591825794301][shell][info]["init~setViewAttributes - Success"]
[2667][1591825796522][shell][info]["EventBus~initialize - Success"]
[2667][1591825796530][shell][info]["bootShellCrashReporter~ Success"]
[2667][1591825796532][shell][info]["shellController~init: Success"]
[2667][1591825796532][shell][info]["shellMeta~init: Success"]
[2667][1591825796545][shell][info]["init~setViewAttributes - Initializing view with opts:",{"allIds":[3],"devtools":false,"id":3,"primaryId":3,"startTime":1591825796196,"type":"requester","partitionId":"default"}]
[2667][1591825796546][shell][info]["init~setViewAttributes - Success"]
[3818][1591826513948][shell][info]["EventBus~initialize - Success"]
[3818][1591826513958][shell][info]["bootShellCrashReporter~ Success"]
[3818][1591826513960][shell][info]["shellController~init: Success"]
[3818][1591826513961][shell][info]["shellMeta~init: Success"]
[3818][1591826513979][shell][info]["init~setViewAttributes - Initializing view with opts:",{"devtools":false,"id":2,"startTime":1591826513597,"type":"shared","partitionId":"default"}]
[3818][1591826513980][shell][info]["init~setViewAttributes - Success"]
[3818][1591826516506][shell][info]["EventBus~initialize - Success"]
[3818][1591826516514][shell][info]["bootShellCrashReporter~ Success"]
[3818][1591826516516][shell][info]["shellController~init: Success"]
[3818][1591826516516][shell][info]["shellMeta~init: Success"]
[3818][1591826516529][shell][info]["init~setViewAttributes - Initializing view with opts:",{"allIds":[3],"devtools":false,"id":3,"primaryId":3,"startTime":1591826516224,"type":"requester","partitionId":"default"}]
[3818][1591826516530][shell][info]["init~setViewAttributes - Success"]
[5638][1591832524359][shell][info]["EventBus~initialize - Success"]
[5638][1591832524373][shell][info]["bootShellCrashReporter~ Success"]
[5638][1591832524375][shell][info]["shellController~init: Success"]
[5638][1591832524376][shell][info]["shellMeta~init: Success"]
[5638][1591832524394][shell][info]["init~setViewAttributes - Initializing view with opts:",{"devtools":false,"id":2,"startTime":1591832523957,"type":"shared","partitionId":"default"}]
[5638][1591832524396][shell][info]["init~setViewAttributes - Success"]
[5638][1591832527560][shell][info]["EventBus~initialize - Success"]
[5638][1591832527570][shell][info]["bootShellCrashReporter~ Success"]
[5638][1591832527573][shell][info]["shellController~init: Success"]
[5638][1591832527573][shell][info]["shellMeta~init: Success"]
[5638][1591832527587][shell][info]["init~setViewAttributes - Initializing view with opts:",{"allIds":[3],"devtools":false,"id":3,"primaryId":3,"startTime":1591832527213,"type":"requester","partitionId":"default"}]
[5638][1591832527588][shell][info]["init~setViewAttributes - Success"]
