[18524][1591570748590][requester][info]["EventBus~initialize - Success"]
[18524][1591570748592][requester][info]["Messaging~boot - Success"]
[18524][1591570748603][requester][info]["bootCrashReporter~ Success"]
[18524][1591570748605][requester][info]["Telemetry~boot - Success"]
[18524][1591570748606][requester][info]["bootConfigurations~initialize - Success"]
[18524][1591570748608][requester][info]["Settings~boot - Success"]
[18524][1591570748679][requester][info]["bootstrapModels - Success"]
[18524][1591570748680][requester][info]["WLModels~boot - Success"]
[18524][1591570748747][requester][info]["Session~boot - Success"]
[18524][1591570748752][requester][info]["IndependentServices~boot - Success"]
[18524][1591570748772][requester][info]["AppModels~boot - Success"]
[18524][1591570748773][requester][info]["RuntimeListeners~boot- Success"]
[18524][1591570748773][requester][info]["DBWatcher~boot - Success"]
[18524][1591570748775][requester][info]["ThemeManager~boot - Success"]
[18524][1591570748776][requester][info]["Store~boot - Success"]
[18524][1591570748779][requester][info]["Shortcuts~boot - Success"]
[18524][1591570748779][requester][info]["SyncProxy~boot - Success"]
[18524][1591570748796][requester][info]["NewConsole~boot - Success"]
[18524][1591570748804][requester][info]["APIDevInterface~boot - Success"]
[18524][1591570748819][requester][info]["Requester~boot - Success"]
[18524][1591570748819][requester][info]["booted - requester"]
[18524][1591570748838][requester][warn]["CloudProxyHandler: Error while reading proxy configuration from user data - ",{"errno":-2,"code":"ENOENT","syscall":"open","path":"/home/nuvallo/.config/Postman/Postman_Config/proxy","name":"Error","message":"ENOENT: no such file or directory, open '/home/nuvallo/.config/Postman/Postman_Config/proxy'","stack":"Error: ENOENT: no such file or directory, open '/home/nuvallo/.config/Postman/Postman_Config/proxy'"}]
[18524][1591570750029][requester][info]["SessionValidation - Registering listener"]
[18524][1591570750041][requester][warn]["FeatureFlagsStore~updateFlags: Could not find feature flags",{"error":{"message":"SyncRequestService\\x7erequestListener: Could not fetch from sync. Socket not connected."}}]
[18524][1591570772020][requester][warn]["Failed to subscribe to workspace for all APIs",{"name":"Error","message":"","stack":"Error\n    at SafeSubscriber._next (file:///opt/postman/app/resources/app/js/vendor-shared.js:481160:24)\n    at SafeSubscriber.__tryOrUnsub (file:///opt/postman/app/resources/app/js/vendor-shared.js:42755:16)\n    at SafeSubscriber.next (file:///opt/postman/app/resources/app/js/vendor-shared.js:42693:22)\n    at Subscriber._next (file:///opt/postman/app/resources/app/js/vendor-shared.js:42636:26)\n    at Subscriber.next (file:///opt/postman/app/resources/app/js/vendor-shared.js:42613:18)\n    at FilterSubscriber._next (file:///opt/postman/app/resources/app/js/vendor-shared.js:173732:30)\n    at FilterSubscriber.Subscriber.next (file:///opt/postman/app/resources/app/js/vendor-shared.js:42613:18)\n    at RefCountSubscriber.Subscriber._next (file:///opt/postman/app/resources/app/js/vendor-shared.js:42636:26)\n    at RefCountSubscriber.Subscriber.next (file:///opt/postman/app/resources/app/js/vendor-shared.js:42613:18)\n    at Subject.next (file:///opt/postman/app/resources/app/js/vendor-shared.js:78510:25)\n    at ConnectableSubscriber.Subscriber._next (file:///opt/postman/app/resources/app/js/vendor-shared.js:42636:26)\n    at ConnectableSubscriber.Subscriber.next (file:///opt/postman/app/resources/app/js/vendor-shared.js:42613:18)\n    at EventEmitter.<anonymous> (file:///opt/postman/app/resources/app/js/vendor-shared.js:481107:14)\n    at EventEmitter.emit (file:///opt/postman/app/resources/app/js/vendor-shared.js:48956:5)\n    at _dispatch (file:///opt/postman/app/resources/app/js/vendor-shared.js:171544:14)\n    at EventEmitter.<anonymous> (file:///opt/postman/app/resources/app/js/vendor-shared.js:171554:9)"}]
[18524][1591570772099][requester][warn]["APIDevService~getAPIs: Failed to get APIs.",{"error":{"message":"SyncRequestService\\x7erequestListener: Could not fetch from sync. Socket not connected."}}]
[18524][1591570772101][requester][warn]["Failed to refresh API List",{"error":{"message":"SyncRequestService\\x7erequestListener: Could not fetch from sync. Socket not connected."}}]
[18524][1591570772292][requester][warn]["FeatureFlagsStore~updateFlags: Could not find feature flags",{"error":{"message":"SyncRequestService\\x7erequestListener: Could not fetch from sync. Socket not connected."}}]
[11115][1591587240759][requester][info]["EventBus~initialize - Success"]
[11115][1591587240761][requester][info]["Messaging~boot - Success"]
[11115][1591587240771][requester][info]["bootCrashReporter~ Success"]
[11115][1591587240772][requester][info]["Telemetry~boot - Success"]
[11115][1591587240773][requester][info]["bootConfigurations~initialize - Success"]
[11115][1591587240775][requester][info]["Settings~boot - Success"]
[11115][1591587240838][requester][info]["bootstrapModels - Success"]
[11115][1591587240838][requester][info]["WLModels~boot - Success"]
[11115][1591587240871][requester][info]["Session~boot - Success"]
[11115][1591587240877][requester][info]["IndependentServices~boot - Success"]
[11115][1591587240902][requester][info]["AppModels~boot - Success"]
[11115][1591587240902][requester][info]["RuntimeListeners~boot- Success"]
[11115][1591587240902][requester][info]["DBWatcher~boot - Success"]
[11115][1591587240905][requester][info]["ThemeManager~boot - Success"]
[11115][1591587240905][requester][info]["Store~boot - Success"]
[11115][1591587240907][requester][info]["Shortcuts~boot - Success"]
[11115][1591587240907][requester][info]["SyncProxy~boot - Success"]
[11115][1591587240927][requester][info]["NewConsole~boot - Success"]
[11115][1591587240930][requester][info]["APIDevInterface~boot - Success"]
[11115][1591587240941][requester][info]["Requester~boot - Success"]
[11115][1591587240942][requester][info]["booted - requester"]
[11115][1591587240953][requester][warn]["CloudProxyHandler: Error while reading proxy configuration from user data - ",{"errno":-2,"code":"ENOENT","syscall":"open","path":"/home/nuvallo/.config/Postman/Postman_Config/proxy","name":"Error","message":"ENOENT: no such file or directory, open '/home/nuvallo/.config/Postman/Postman_Config/proxy'","stack":"Error: ENOENT: no such file or directory, open '/home/nuvallo/.config/Postman/Postman_Config/proxy'"}]
[11115][1591587242184][requester][info]["SessionValidation - Registering listener"]
[11115][1591587261269][requester][warn]["ACServiceUtils~getActionInfo: Could not get the AC action for",{"action":"favorite","entityType":"collection","entity":{"id":"d101f01b-40a8-40db-b16c-27d52816f0fe"}}]
[11115][1591587261272][requester][warn]["ACService:TODO - No action found for",{"action":"favorite","srcEntityType":"collection","srcEntity":{"id":"d101f01b-40a8-40db-b16c-27d52816f0fe"}}]
[11115][1591587418067][requester][warn]["APIDevService~getAPILinkedToCollection: Failed to get API linked to the collection.",{"error":{"type":"Request Timeout"}}]
[11115][1591587418070][requester][error]["Failed to get relation for the model",{"error":{"type":"Request Timeout"}}]
[11115][1591587418072][requester][warn]["APIDevInterface~getAPIForModel",{"error":{"type":"Request Timeout"}}]
[2458][1591644548764][requester][info]["EventBus~initialize - Success"]
[2458][1591644548766][requester][info]["Messaging~boot - Success"]
[2458][1591644548775][requester][info]["bootCrashReporter~ Success"]
[2458][1591644548776][requester][info]["Telemetry~boot - Success"]
[2458][1591644548777][requester][info]["bootConfigurations~initialize - Success"]
[2458][1591644548779][requester][info]["Settings~boot - Success"]
[2458][1591644548842][requester][info]["bootstrapModels - Success"]
[2458][1591644548842][requester][info]["WLModels~boot - Success"]
[2458][1591644548879][requester][info]["Session~boot - Success"]
[2458][1591644548882][requester][info]["IndependentServices~boot - Success"]
[2458][1591644548902][requester][info]["AppModels~boot - Success"]
[2458][1591644548903][requester][info]["RuntimeListeners~boot- Success"]
[2458][1591644548904][requester][info]["DBWatcher~boot - Success"]
[2458][1591644548907][requester][info]["ThemeManager~boot - Success"]
[2458][1591644548907][requester][info]["Store~boot - Success"]
[2458][1591644548910][requester][info]["Shortcuts~boot - Success"]
[2458][1591644548910][requester][info]["SyncProxy~boot - Success"]
[2458][1591644548929][requester][info]["NewConsole~boot - Success"]
[2458][1591644548933][requester][info]["APIDevInterface~boot - Success"]
[2458][1591644548943][requester][info]["Requester~boot - Success"]
[2458][1591644548944][requester][info]["booted - requester"]
[2458][1591644548955][requester][warn]["CloudProxyHandler: Error while reading proxy configuration from user data - ",{"errno":-2,"code":"ENOENT","syscall":"open","path":"/home/nuvallo/.config/Postman/Postman_Config/proxy","name":"Error","message":"ENOENT: no such file or directory, open '/home/nuvallo/.config/Postman/Postman_Config/proxy'","stack":"Error: ENOENT: no such file or directory, open '/home/nuvallo/.config/Postman/Postman_Config/proxy'"}]
[2458][1591644550327][requester][info]["SessionValidation - Registering listener"]
[2458][1591644559509][requester][error]["Error in update flow: {\"code\":\"EACCES\",\"errno\":-13,\"message\":\"EACCES: permission denied, open '/opt/postman/Postman-1591644559304.tar.gz'\",\"name\":\"Error\",\"path\":\"/opt/postman/Postman-1591644559304.tar.gz\",\"stack\":\"Error: EACCES: permission denied, open '/opt/postman/Postman-1591644559304.tar.gz'\",\"syscall\":\"open\"}"]
[2458][1591644686356][requester][warn]["APIDevInterface~getAPIForModel: There is no API linked to the model"]
[4373][1591650103771][requester][info]["EventBus~initialize - Success"]
[4373][1591650103773][requester][info]["Messaging~boot - Success"]
[4373][1591650103784][requester][info]["bootCrashReporter~ Success"]
[4373][1591650103785][requester][info]["Telemetry~boot - Success"]
[4373][1591650103786][requester][info]["bootConfigurations~initialize - Success"]
[4373][1591650103788][requester][info]["Settings~boot - Success"]
[4373][1591650103854][requester][info]["bootstrapModels - Success"]
[4373][1591650103854][requester][info]["WLModels~boot - Success"]
[4373][1591650103901][requester][info]["Session~boot - Success"]
[4373][1591650103903][requester][info]["IndependentServices~boot - Success"]
[4373][1591650103919][requester][info]["AppModels~boot - Success"]
[4373][1591650103920][requester][info]["RuntimeListeners~boot- Success"]
[4373][1591650103920][requester][info]["DBWatcher~boot - Success"]
[4373][1591650103923][requester][info]["ThemeManager~boot - Success"]
[4373][1591650103923][requester][info]["Store~boot - Success"]
[4373][1591650103925][requester][info]["Shortcuts~boot - Success"]
[4373][1591650103926][requester][info]["SyncProxy~boot - Success"]
[4373][1591650103954][requester][info]["NewConsole~boot - Success"]
[4373][1591650103958][requester][info]["APIDevInterface~boot - Success"]
[4373][1591650103970][requester][info]["Requester~boot - Success"]
[4373][1591650103970][requester][info]["booted - requester"]
[4373][1591650103984][requester][warn]["CloudProxyHandler: Error while reading proxy configuration from user data - ",{"errno":-2,"code":"ENOENT","syscall":"open","path":"/home/nuvallo/.config/Postman/Postman_Config/proxy","name":"Error","message":"ENOENT: no such file or directory, open '/home/nuvallo/.config/Postman/Postman_Config/proxy'","stack":"Error: ENOENT: no such file or directory, open '/home/nuvallo/.config/Postman/Postman_Config/proxy'"}]
[4373][1591650105437][requester][info]["SessionValidation - Registering listener"]
[4373][1591650114647][requester][error]["Error in update flow: {\"code\":\"EACCES\",\"errno\":-13,\"message\":\"EACCES: permission denied, open '/opt/postman/Postman-1591650114454.tar.gz'\",\"name\":\"Error\",\"path\":\"/opt/postman/Postman-1591650114454.tar.gz\",\"stack\":\"Error: EACCES: permission denied, open '/opt/postman/Postman-1591650114454.tar.gz'\",\"syscall\":\"open\"}"]
[1272][1591654478714][requester][info]["EventBus~initialize - Success"]
[1272][1591654478716][requester][info]["Messaging~boot - Success"]
[1272][1591654478726][requester][info]["bootCrashReporter~ Success"]
[1272][1591654478727][requester][info]["Telemetry~boot - Success"]
[1272][1591654478728][requester][info]["bootConfigurations~initialize - Success"]
[1272][1591654478730][requester][info]["Settings~boot - Success"]
[1272][1591654478791][requester][info]["bootstrapModels - Success"]
[1272][1591654478791][requester][info]["WLModels~boot - Success"]
[1272][1591654478820][requester][info]["Session~boot - Success"]
[1272][1591654478823][requester][info]["IndependentServices~boot - Success"]
[1272][1591654478839][requester][info]["AppModels~boot - Success"]
[1272][1591654478840][requester][info]["RuntimeListeners~boot- Success"]
[1272][1591654478840][requester][info]["DBWatcher~boot - Success"]
[1272][1591654478843][requester][info]["ThemeManager~boot - Success"]
[1272][1591654478843][requester][info]["Store~boot - Success"]
[1272][1591654478846][requester][info]["Shortcuts~boot - Success"]
[1272][1591654478846][requester][info]["SyncProxy~boot - Success"]
[1272][1591654478873][requester][info]["NewConsole~boot - Success"]
[1272][1591654478875][requester][info]["APIDevInterface~boot - Success"]
[1272][1591654478888][requester][info]["Requester~boot - Success"]
[1272][1591654478889][requester][info]["booted - requester"]
[1272][1591654478903][requester][warn]["CloudProxyHandler: Error while reading proxy configuration from user data - ",{"errno":-2,"code":"ENOENT","syscall":"open","path":"/home/nuvallo/.config/Postman/Postman_Config/proxy","name":"Error","message":"ENOENT: no such file or directory, open '/home/nuvallo/.config/Postman/Postman_Config/proxy'","stack":"Error: ENOENT: no such file or directory, open '/home/nuvallo/.config/Postman/Postman_Config/proxy'"}]
[1272][1591654480231][requester][info]["SessionValidation - Registering listener"]
[1272][1591654489442][requester][error]["Error in update flow: {\"code\":\"EACCES\",\"errno\":-13,\"message\":\"EACCES: permission denied, open '/opt/postman/Postman-1591654489248.tar.gz'\",\"name\":\"Error\",\"path\":\"/opt/postman/Postman-1591654489248.tar.gz\",\"stack\":\"Error: EACCES: permission denied, open '/opt/postman/Postman-1591654489248.tar.gz'\",\"syscall\":\"open\"}"]
[1272][1591654562173][requester][warn]["APIDevInterface~getAPIForModel: There is no API linked to the model"]
[1272][1591654814606][requester][warn]["APIDevInterface~getAPIForModel: There is no API linked to the model"]
[3720][1591664061951][requester][info]["EventBus~initialize - Success"]
[3720][1591664061953][requester][info]["Messaging~boot - Success"]
[3720][1591664061966][requester][info]["bootCrashReporter~ Success"]
[3720][1591664061967][requester][info]["Telemetry~boot - Success"]
[3720][1591664061968][requester][info]["bootConfigurations~initialize - Success"]
[3720][1591664061971][requester][info]["Settings~boot - Success"]
[3720][1591664062038][requester][info]["bootstrapModels - Success"]
[3720][1591664062039][requester][info]["WLModels~boot - Success"]
[3720][1591664062071][requester][info]["Session~boot - Success"]
[3720][1591664062074][requester][info]["IndependentServices~boot - Success"]
[3720][1591664062090][requester][info]["AppModels~boot - Success"]
[3720][1591664062090][requester][info]["RuntimeListeners~boot- Success"]
[3720][1591664062091][requester][info]["DBWatcher~boot - Success"]
[3720][1591664062094][requester][info]["ThemeManager~boot - Success"]
[3720][1591664062095][requester][info]["Store~boot - Success"]
[3720][1591664062099][requester][info]["Shortcuts~boot - Success"]
[3720][1591664062101][requester][info]["SyncProxy~boot - Success"]
[3720][1591664062126][requester][info]["NewConsole~boot - Success"]
[3720][1591664062130][requester][info]["APIDevInterface~boot - Success"]
[3720][1591664062141][requester][info]["Requester~boot - Success"]
[3720][1591664062142][requester][info]["booted - requester"]
[3720][1591664062157][requester][warn]["CloudProxyHandler: Error while reading proxy configuration from user data - ",{"errno":-2,"code":"ENOENT","syscall":"open","path":"/home/nuvallo/.config/Postman/Postman_Config/proxy","name":"Error","message":"ENOENT: no such file or directory, open '/home/nuvallo/.config/Postman/Postman_Config/proxy'","stack":"Error: ENOENT: no such file or directory, open '/home/nuvallo/.config/Postman/Postman_Config/proxy'"}]
[3720][1591664063495][requester][info]["SessionValidation - Registering listener"]
[3720][1591664072728][requester][error]["Error in update flow: {\"code\":\"EACCES\",\"errno\":-13,\"message\":\"EACCES: permission denied, open '/opt/postman/Postman-1591664072485.tar.gz'\",\"name\":\"Error\",\"path\":\"/opt/postman/Postman-1591664072485.tar.gz\",\"stack\":\"Error: EACCES: permission denied, open '/opt/postman/Postman-1591664072485.tar.gz'\",\"syscall\":\"open\"}"]
[3720][1591664078288][requester][warn]["APIDevInterface~getAPIForModel: There is no API linked to the model"]
[3720][1591664084714][requester][warn]["APIDevInterface~getAPIForModel: There is no API linked to the model"]
[3720][1591664091164][requester][warn]["APIDevInterface~getAPIForModel: There is no API linked to the model"]
[3720][1591664325602][requester][warn]["APIDevInterface~getAPIForModel: There is no API linked to the model"]
[3720][1591664357539][requester][warn]["APIDevInterface~getAPIForModel: There is no API linked to the model"]
[1536][1591741388342][requester][info]["EventBus~initialize - Success"]
[1536][1591741388345][requester][info]["Messaging~boot - Success"]
[1536][1591741388354][requester][info]["bootCrashReporter~ Success"]
[1536][1591741388355][requester][info]["Telemetry~boot - Success"]
[1536][1591741388356][requester][info]["bootConfigurations~initialize - Success"]
[1536][1591741388358][requester][info]["Settings~boot - Success"]
[1536][1591741388427][requester][info]["bootstrapModels - Success"]
[1536][1591741388428][requester][info]["WLModels~boot - Success"]
[1536][1591741388464][requester][info]["Session~boot - Success"]
[1536][1591741388469][requester][info]["IndependentServices~boot - Success"]
[1536][1591741388490][requester][info]["AppModels~boot - Success"]
[1536][1591741388490][requester][info]["RuntimeListeners~boot- Success"]
[1536][1591741388490][requester][info]["DBWatcher~boot - Success"]
[1536][1591741388493][requester][info]["ThemeManager~boot - Success"]
[1536][1591741388493][requester][info]["Store~boot - Success"]
[1536][1591741388496][requester][info]["Shortcuts~boot - Success"]
[1536][1591741388496][requester][info]["SyncProxy~boot - Success"]
[1536][1591741388513][requester][info]["NewConsole~boot - Success"]
[1536][1591741388516][requester][info]["APIDevInterface~boot - Success"]
[1536][1591741388528][requester][info]["Requester~boot - Success"]
[1536][1591741388529][requester][info]["booted - requester"]
[1536][1591741388543][requester][warn]["CloudProxyHandler: Error while reading proxy configuration from user data - ",{"errno":-2,"code":"ENOENT","syscall":"open","path":"/home/nuvallo/.config/Postman/Postman_Config/proxy","name":"Error","message":"ENOENT: no such file or directory, open '/home/nuvallo/.config/Postman/Postman_Config/proxy'","stack":"Error: ENOENT: no such file or directory, open '/home/nuvallo/.config/Postman/Postman_Config/proxy'"}]
[1536][1591741390286][requester][info]["SessionValidation - Registering listener"]
[1536][1591741399179][requester][error]["Error in update flow: {\"code\":\"EACCES\",\"errno\":-13,\"message\":\"EACCES: permission denied, open '/opt/postman/Postman-1591741398945.tar.gz'\",\"name\":\"Error\",\"path\":\"/opt/postman/Postman-1591741398945.tar.gz\",\"stack\":\"Error: EACCES: permission denied, open '/opt/postman/Postman-1591741398945.tar.gz'\",\"syscall\":\"open\"}"]
[1536][1591749776684][requester][warn]["APIDevInterface~getAPIForModel: There is no API linked to the model"]
[1536][1591749816955][requester][warn]["APIDevInterface~getAPIForModel: There is no API linked to the model"]
[1536][1591750566668][requester][warn]["APIDevInterface~getAPIForModel: There is no API linked to the model"]
[1536][1591750575023][requester][warn]["APIDevInterface~getAPIForModel: There is no API linked to the model"]
[1536][1591750581409][requester][warn]["APIDevInterface~getAPIForModel: There is no API linked to the model"]
[1536][1591750611068][requester][warn]["APIDevInterface~getAPIForModel: There is no API linked to the model"]
[1536][1591750633342][requester][warn]["APIDevInterface~getAPIForModel: There is no API linked to the model"]
[1536][1591750725585][requester][warn]["APIDevInterface~getAPIForModel: There is no API linked to the model"]
[1536][1591750821389][requester][warn]["APIDevInterface~getAPIForModel: There is no API linked to the model"]
[1536][1591750826113][requester][warn]["APIDevInterface~getAPIForModel: There is no API linked to the model"]
[1536][1591750830906][requester][warn]["APIDevInterface~getAPIForModel: There is no API linked to the model"]
[1536][1591750832416][requester][warn]["APIDevInterface~getAPIForModel: There is no API linked to the model"]
[1536][1591750836004][requester][warn]["APIDevInterface~getAPIForModel: There is no API linked to the model"]
[1536][1591750906833][requester][warn]["APIDevInterface~getAPIForModel: There is no API linked to the model"]
[1536][1591750908168][requester][warn]["APIDevInterface~getAPIForModel: There is no API linked to the model"]
[1536][1591751128665][requester][warn]["APIDevInterface~getAPIForModel: There is no API linked to the model"]
[1536][1591751129815][requester][warn]["APIDevInterface~getAPIForModel: There is no API linked to the model"]
[1536][1591751134902][requester][warn]["APIDevInterface~getAPIForModel: There is no API linked to the model"]
[1536][1591751138777][requester][warn]["APIDevInterface~getAPIForModel: There is no API linked to the model"]
[1536][1591751139755][requester][warn]["APIDevInterface~getAPIForModel: There is no API linked to the model"]
[1536][1591751142677][requester][warn]["APIDevInterface~getAPIForModel: There is no API linked to the model"]
[1536][1591751212998][requester][warn]["APIDevInterface~getAPIForModel: There is no API linked to the model"]
[1536][1591751241968][requester][warn]["APIDevInterface~getAPIForModel: There is no API linked to the model"]
[1536][1591751243843][requester][warn]["APIDevInterface~getAPIForModel: There is no API linked to the model"]
[1536][1591751247095][requester][warn]["APIDevInterface~getAPIForModel: There is no API linked to the model"]
[1536][1591751360576][requester][warn]["APIDevInterface~getAPIForModel: There is no API linked to the model"]
[1536][1591751377756][requester][warn]["APIDevInterface~getAPIForModel: There is no API linked to the model"]
[1536][1591751458905][requester][warn]["APIDevInterface~getAPIForModel: There is no API linked to the model"]
[1536][1591751485691][requester][warn]["APIDevInterface~getAPIForModel: There is no API linked to the model"]
[1536][1591751996167][requester][warn]["APIDevInterface~getAPIForModel: There is no API linked to the model"]
[1536][1591752124702][requester][warn]["APIDevInterface~getAPIForModel: There is no API linked to the model"]
[1536][1591752177386][requester][warn]["APIDevInterface~getAPIForModel: There is no API linked to the model"]
[1536][1591752262564][requester][warn]["APIDevInterface~getAPIForModel: There is no API linked to the model"]
[1536][1591752268534][requester][warn]["APIDevInterface~getAPIForModel: There is no API linked to the model"]
[1536][1591752269838][requester][warn]["APIDevInterface~getAPIForModel: There is no API linked to the model"]
[1536][1591752285924][requester][warn]["APIDevInterface~getAPIForModel: There is no API linked to the model"]
[1536][1591752298101][requester][warn]["APIDevInterface~getAPIForModel: There is no API linked to the model"]
[1536][1591752299860][requester][warn]["APIDevInterface~getAPIForModel: There is no API linked to the model"]
[1536][1591752323155][requester][warn]["APIDevInterface~getAPIForModel: There is no API linked to the model"]
[1536][1591752380667][requester][warn]["APIDevInterface~getAPIForModel: There is no API linked to the model"]
[1536][1591752393394][requester][warn]["APIDevInterface~getAPIForModel: There is no API linked to the model"]
[1536][1591752971621][requester][warn]["APIDevInterface~getAPIForModel: There is no API linked to the model"]
[1536][1591752978010][requester][warn]["APIDevInterface~getAPIForModel: There is no API linked to the model"]
[2667][1591825797895][requester][info]["EventBus~initialize - Success"]
[2667][1591825797897][requester][info]["Messaging~boot - Success"]
[2667][1591825797911][requester][info]["bootCrashReporter~ Success"]
[2667][1591825797912][requester][info]["Telemetry~boot - Success"]
[2667][1591825797912][requester][info]["bootConfigurations~initialize - Success"]
[2667][1591825797915][requester][info]["Settings~boot - Success"]
[2667][1591825797982][requester][info]["bootstrapModels - Success"]
[2667][1591825797982][requester][info]["WLModels~boot - Success"]
[2667][1591825798015][requester][info]["Session~boot - Success"]
[2667][1591825798018][requester][info]["IndependentServices~boot - Success"]
[2667][1591825798034][requester][info]["AppModels~boot - Success"]
[2667][1591825798035][requester][info]["RuntimeListeners~boot- Success"]
[2667][1591825798035][requester][info]["DBWatcher~boot - Success"]
[2667][1591825798039][requester][info]["ThemeManager~boot - Success"]
[2667][1591825798040][requester][info]["Store~boot - Success"]
[2667][1591825798042][requester][info]["Shortcuts~boot - Success"]
[2667][1591825798042][requester][info]["SyncProxy~boot - Success"]
[2667][1591825798061][requester][info]["NewConsole~boot - Success"]
[2667][1591825798065][requester][info]["APIDevInterface~boot - Success"]
[2667][1591825798076][requester][info]["Requester~boot - Success"]
[2667][1591825798076][requester][info]["booted - requester"]
[2667][1591825798087][requester][warn]["CloudProxyHandler: Error while reading proxy configuration from user data - ",{"errno":-2,"code":"ENOENT","syscall":"open","path":"/home/nuvallo/.config/Postman/Postman_Config/proxy","name":"Error","message":"ENOENT: no such file or directory, open '/home/nuvallo/.config/Postman/Postman_Config/proxy'","stack":"Error: ENOENT: no such file or directory, open '/home/nuvallo/.config/Postman/Postman_Config/proxy'"}]
[2667][1591825799590][requester][info]["SessionValidation - Registering listener"]
[2667][1591825808752][requester][error]["Error in update flow: {\"code\":\"EACCES\",\"errno\":-13,\"message\":\"EACCES: permission denied, open '/opt/postman/Postman-1591825808531.tar.gz'\",\"name\":\"Error\",\"path\":\"/opt/postman/Postman-1591825808531.tar.gz\",\"stack\":\"Error: EACCES: permission denied, open '/opt/postman/Postman-1591825808531.tar.gz'\",\"syscall\":\"open\"}"]
[2667][1591825821963][requester][warn]["APIDevInterface~getAPIForModel: There is no API linked to the model"]
[2667][1591825828680][requester][warn]["APIDevInterface~getAPIForModel: There is no API linked to the model"]
[2667][1591825832284][requester][warn]["APIDevInterface~getAPIForModel: There is no API linked to the model"]
[2667][1591825889927][requester][warn]["APIDevInterface~getAPIForModel: There is no API linked to the model"]
[2667][1591826091867][requester][warn]["APIDevInterface~getAPIForModel: There is no API linked to the model"]
[2667][1591826113387][requester][warn]["APIDevInterface~getAPIForModel: There is no API linked to the model"]
[3818][1591826517990][requester][info]["EventBus~initialize - Success"]
[3818][1591826517992][requester][info]["Messaging~boot - Success"]
[3818][1591826518001][requester][info]["bootCrashReporter~ Success"]
[3818][1591826518002][requester][info]["Telemetry~boot - Success"]
[3818][1591826518003][requester][info]["bootConfigurations~initialize - Success"]
[3818][1591826518007][requester][info]["Settings~boot - Success"]
[3818][1591826518079][requester][info]["bootstrapModels - Success"]
[3818][1591826518080][requester][info]["WLModels~boot - Success"]
[3818][1591826518128][requester][info]["Session~boot - Success"]
[3818][1591826518132][requester][info]["IndependentServices~boot - Success"]
[3818][1591826518153][requester][info]["AppModels~boot - Success"]
[3818][1591826518155][requester][info]["RuntimeListeners~boot- Success"]
[3818][1591826518156][requester][info]["DBWatcher~boot - Success"]
[3818][1591826518160][requester][info]["ThemeManager~boot - Success"]
[3818][1591826518161][requester][info]["Store~boot - Success"]
[3818][1591826518164][requester][info]["Shortcuts~boot - Success"]
[3818][1591826518165][requester][info]["SyncProxy~boot - Success"]
[3818][1591826518192][requester][info]["NewConsole~boot - Success"]
[3818][1591826518197][requester][info]["APIDevInterface~boot - Success"]
[3818][1591826518206][requester][info]["Requester~boot - Success"]
[3818][1591826518207][requester][info]["booted - requester"]
[3818][1591826518216][requester][warn]["CloudProxyHandler: Error while reading proxy configuration from user data - ",{"errno":-2,"code":"ENOENT","syscall":"open","path":"/home/nuvallo/.config/Postman/Postman_Config/proxy","name":"Error","message":"ENOENT: no such file or directory, open '/home/nuvallo/.config/Postman/Postman_Config/proxy'","stack":"Error: ENOENT: no such file or directory, open '/home/nuvallo/.config/Postman/Postman_Config/proxy'"}]
[3818][1591826520031][requester][info]["SessionValidation - Registering listener"]
[3818][1591826528708][requester][error]["Error in update flow: {\"code\":\"EACCES\",\"errno\":-13,\"message\":\"EACCES: permission denied, open '/opt/postman/Postman-1591826528486.tar.gz'\",\"name\":\"Error\",\"path\":\"/opt/postman/Postman-1591826528486.tar.gz\",\"stack\":\"Error: EACCES: permission denied, open '/opt/postman/Postman-1591826528486.tar.gz'\",\"syscall\":\"open\"}"]
[5638][1591832529202][requester][info]["EventBus~initialize - Success"]
[5638][1591832529204][requester][info]["Messaging~boot - Success"]
[5638][1591832529218][requester][info]["bootCrashReporter~ Success"]
[5638][1591832529219][requester][info]["Telemetry~boot - Success"]
[5638][1591832529220][requester][info]["bootConfigurations~initialize - Success"]
[5638][1591832529222][requester][info]["Settings~boot - Success"]
[5638][1591832529295][requester][info]["bootstrapModels - Success"]
[5638][1591832529296][requester][info]["WLModels~boot - Success"]
[5638][1591832529334][requester][info]["Session~boot - Success"]
[5638][1591832529336][requester][info]["IndependentServices~boot - Success"]
[5638][1591832529353][requester][info]["AppModels~boot - Success"]
[5638][1591832529354][requester][info]["RuntimeListeners~boot- Success"]
[5638][1591832529354][requester][info]["DBWatcher~boot - Success"]
[5638][1591832529357][requester][info]["ThemeManager~boot - Success"]
[5638][1591832529357][requester][info]["Store~boot - Success"]
[5638][1591832529361][requester][info]["Shortcuts~boot - Success"]
[5638][1591832529362][requester][info]["SyncProxy~boot - Success"]
[5638][1591832529384][requester][info]["NewConsole~boot - Success"]
[5638][1591832529390][requester][info]["APIDevInterface~boot - Success"]
[5638][1591832529402][requester][info]["Requester~boot - Success"]
[5638][1591832529403][requester][info]["booted - requester"]
[5638][1591832529414][requester][warn]["CloudProxyHandler: Error while reading proxy configuration from user data - ",{"errno":-2,"code":"ENOENT","syscall":"open","path":"/home/nuvallo/.config/Postman/Postman_Config/proxy","name":"Error","message":"ENOENT: no such file or directory, open '/home/nuvallo/.config/Postman/Postman_Config/proxy'","stack":"Error: ENOENT: no such file or directory, open '/home/nuvallo/.config/Postman/Postman_Config/proxy'"}]
[5638][1591832531245][requester][info]["SessionValidation - Registering listener"]
[5638][1591832539946][requester][error]["Error in update flow: {\"code\":\"EACCES\",\"errno\":-13,\"message\":\"EACCES: permission denied, open '/opt/postman/Postman-1591832539716.tar.gz'\",\"name\":\"Error\",\"path\":\"/opt/postman/Postman-1591832539716.tar.gz\",\"stack\":\"Error: EACCES: permission denied, open '/opt/postman/Postman-1591832539716.tar.gz'\",\"syscall\":\"open\"}"]
[5638][1591832541998][requester][warn]["APIDevInterface~getAPIForModel: There is no API linked to the model"]
[5638][1591832547105][requester][warn]["APIDevInterface~getAPIForModel: There is no API linked to the model"]
[5638][1591832551640][requester][warn]["APIDevInterface~getAPIForModel: There is no API linked to the model"]
[5638][1591832602879][requester][warn]["APIDevInterface~getAPIForModel: There is no API linked to the model"]
