[2020-06-10 00:51:54.627] [renderer1] [error] <semantic> TypeScript Server Error (3.8.3)
Cannot read property 'emitNode' of undefined
TypeError: Cannot read property 'emitNode' of undefined
    at Object.getCommentRange (/usr/lib/code/extensions/node_modules/typescript/lib/tsserver.js:71102:29)
    at emitNodeList (/usr/lib/code/extensions/node_modules/typescript/lib/tsserver.js:95676:51)
    at emitList (/usr/lib/code/extensions/node_modules/typescript/lib/tsserver.js:95555:13)
    at Object.writeList (/usr/lib/code/extensions/node_modules/typescript/lib/tsserver.js:92891:13)
    at /usr/lib/code/extensions/node_modules/typescript/lib/tsserver.js:119315:29
    at Object.mapToDisplayParts (/usr/lib/code/extensions/node_modules/typescript/lib/tsserver.js:107201:13)
    at itemInfoForParameters (/usr/lib/code/extensions/node_modules/typescript/lib/tsserver.js:119312:41)
    at getSignatureHelpItem (/usr/lib/code/extensions/node_modules/typescript/lib/tsserver.js:119278:95)
    at /usr/lib/code/extensions/node_modules/typescript/lib/tsserver.js:119251:79
    at Array.map (<anonymous>)
    at createSignatureHelpItems (/usr/lib/code/extensions/node_modules/typescript/lib/tsserver.js:119251:36)
    at /usr/lib/code/extensions/node_modules/typescript/lib/tsserver.js:118843:23
    at Object.runWithCancellationToken (/usr/lib/code/extensions/node_modules/typescript/lib/tsserver.js:34552:28)
    at Object.getSignatureHelpItems (/usr/lib/code/extensions/node_modules/typescript/lib/tsserver.js:118841:32)
    at Proxy.getSignatureHelpItems (/usr/lib/code/extensions/node_modules/typescript/lib/tsserver.js:135509:37)
    at IOSession.Session.getSignatureHelpItems (/usr/lib/code/extensions/node_modules/typescript/lib/tsserver.js:145510:62)
    at Session.handlers.ts.createMapFromTemplate._a.<computed> (/usr/lib/code/extensions/node_modules/typescript/lib/tsserver.js:144404:61)
    at /usr/lib/code/extensions/node_modules/typescript/lib/tsserver.js:146003:88
    at IOSession.Session.executeWithRequestId (/usr/lib/code/extensions/node_modules/typescript/lib/tsserver.js:145994:28)
    at IOSession.Session.executeCommand (/usr/lib/code/extensions/node_modules/typescript/lib/tsserver.js:146003:33)
    at IOSession.Session.onMessage (/usr/lib/code/extensions/node_modules/typescript/lib/tsserver.js:146027:35)
    at Interface.<anonymous> (/usr/lib/code/extensions/node_modules/typescript/lib/tsserver.js:147342:27)
    at Interface.emit (events.js:203:13)
    at Interface._onLine (readline.js:316:10)
    at Interface._normalWrite (readline.js:461:12)
    at Socket.ondata (readline.js:172:10)
    at Socket.emit (events.js:203:13)
    at addChunk (_stream_readable.js:295:12)
    at readableAddChunk (_stream_readable.js:276:11)
    at Socket.Readable.push (_stream_readable.js:210:10)
    at Pipe.onStreamRead (internal/stream_base_commons.js:166:17): Error: <semantic> TypeScript Server Error (3.8.3)
Cannot read property 'emitNode' of undefined
TypeError: Cannot read property 'emitNode' of undefined
    at Object.getCommentRange (/usr/lib/code/extensions/node_modules/typescript/lib/tsserver.js:71102:29)
    at emitNodeList (/usr/lib/code/extensions/node_modules/typescript/lib/tsserver.js:95676:51)
    at emitList (/usr/lib/code/extensions/node_modules/typescript/lib/tsserver.js:95555:13)
    at Object.writeList (/usr/lib/code/extensions/node_modules/typescript/lib/tsserver.js:92891:13)
    at /usr/lib/code/extensions/node_modules/typescript/lib/tsserver.js:119315:29
    at Object.mapToDisplayParts (/usr/lib/code/extensions/node_modules/typescript/lib/tsserver.js:107201:13)
    at itemInfoForParameters (/usr/lib/code/extensions/node_modules/typescript/lib/tsserver.js:119312:41)
    at getSignatureHelpItem (/usr/lib/code/extensions/node_modules/typescript/lib/tsserver.js:119278:95)
    at /usr/lib/code/extensions/node_modules/typescript/lib/tsserver.js:119251:79
    at Array.map (<anonymous>)
    at createSignatureHelpItems (/usr/lib/code/extensions/node_modules/typescript/lib/tsserver.js:119251:36)
    at /usr/lib/code/extensions/node_modules/typescript/lib/tsserver.js:118843:23
    at Object.runWithCancellationToken (/usr/lib/code/extensions/node_modules/typescript/lib/tsserver.js:34552:28)
    at Object.getSignatureHelpItems (/usr/lib/code/extensions/node_modules/typescript/lib/tsserver.js:118841:32)
    at Proxy.getSignatureHelpItems (/usr/lib/code/extensions/node_modules/typescript/lib/tsserver.js:135509:37)
    at IOSession.Session.getSignatureHelpItems (/usr/lib/code/extensions/node_modules/typescript/lib/tsserver.js:145510:62)
    at Session.handlers.ts.createMapFromTemplate._a.<computed> (/usr/lib/code/extensions/node_modules/typescript/lib/tsserver.js:144404:61)
    at /usr/lib/code/extensions/node_modules/typescript/lib/tsserver.js:146003:88
    at IOSession.Session.executeWithRequestId (/usr/lib/code/extensions/node_modules/typescript/lib/tsserver.js:145994:28)
    at IOSession.Session.executeCommand (/usr/lib/code/extensions/node_modules/typescript/lib/tsserver.js:146003:33)
    at IOSession.Session.onMessage (/usr/lib/code/extensions/node_modules/typescript/lib/tsserver.js:146027:35)
    at Interface.<anonymous> (/usr/lib/code/extensions/node_modules/typescript/lib/tsserver.js:147342:27)
    at Interface.emit (events.js:203:13)
    at Interface._onLine (readline.js:316:10)
    at Interface._normalWrite (readline.js:461:12)
    at Socket.ondata (readline.js:172:10)
    at Socket.emit (events.js:203:13)
    at addChunk (_stream_readable.js:295:12)
    at readableAddChunk (_stream_readable.js:276:11)
    at Socket.Readable.push (_stream_readable.js:210:10)
    at Pipe.onStreamRead (internal/stream_base_commons.js:166:17)
	at Function.create (/usr/lib/code/extensions/typescript-language-features/dist/extension.js:1:52449)
	at e.dispatchResponse (/usr/lib/code/extensions/typescript-language-features/dist/extension.js:1:222369)
	at e.dispatchMessage (/usr/lib/code/extensions/typescript-language-features/dist/extension.js:1:221287)
	at /usr/lib/code/extensions/typescript-language-features/dist/extension.js:1:220763
	at e.fire (/usr/lib/code/out/vs/workbench/services/extensions/node/extensionHostProcess.js:46:67)
	at t.Reader.onLengthData (/usr/lib/code/extensions/typescript-language-features/dist/extension.js:1:229425)
	at Socket.<anonymous> (/usr/lib/code/extensions/typescript-language-features/dist/extension.js:1:229073)
	at Socket.emit (events.js:203:13)
	at addChunk (_stream_readable.js:295:12)
	at readableAddChunk (_stream_readable.js:276:11)
	at Socket.Readable.push (_stream_readable.js:210:10)
	at Pipe.onStreamRead (internal/stream_base_commons.js:166:17)
[2020-06-10 00:52:09.888] [renderer1] [error] <semantic> TypeScript Server Error (3.8.3)
Cannot read property 'emitNode' of undefined
TypeError: Cannot read property 'emitNode' of undefined
    at Object.getCommentRange (/usr/lib/code/extensions/node_modules/typescript/lib/tsserver.js:71102:29)
    at emitNodeList (/usr/lib/code/extensions/node_modules/typescript/lib/tsserver.js:95676:51)
    at emitList (/usr/lib/code/extensions/node_modules/typescript/lib/tsserver.js:95555:13)
    at Object.writeList (/usr/lib/code/extensions/node_modules/typescript/lib/tsserver.js:92891:13)
    at /usr/lib/code/extensions/node_modules/typescript/lib/tsserver.js:119315:29
    at Object.mapToDisplayParts (/usr/lib/code/extensions/node_modules/typescript/lib/tsserver.js:107201:13)
    at itemInfoForParameters (/usr/lib/code/extensions/node_modules/typescript/lib/tsserver.js:119312:41)
    at getSignatureHelpItem (/usr/lib/code/extensions/node_modules/typescript/lib/tsserver.js:119278:95)
    at /usr/lib/code/extensions/node_modules/typescript/lib/tsserver.js:119251:79
    at Array.map (<anonymous>)
    at createSignatureHelpItems (/usr/lib/code/extensions/node_modules/typescript/lib/tsserver.js:119251:36)
    at /usr/lib/code/extensions/node_modules/typescript/lib/tsserver.js:118843:23
    at Object.runWithCancellationToken (/usr/lib/code/extensions/node_modules/typescript/lib/tsserver.js:34552:28)
    at Object.getSignatureHelpItems (/usr/lib/code/extensions/node_modules/typescript/lib/tsserver.js:118841:32)
    at Proxy.getSignatureHelpItems (/usr/lib/code/extensions/node_modules/typescript/lib/tsserver.js:135509:37)
    at IOSession.Session.getSignatureHelpItems (/usr/lib/code/extensions/node_modules/typescript/lib/tsserver.js:145510:62)
    at Session.handlers.ts.createMapFromTemplate._a.<computed> (/usr/lib/code/extensions/node_modules/typescript/lib/tsserver.js:144404:61)
    at /usr/lib/code/extensions/node_modules/typescript/lib/tsserver.js:146003:88
    at IOSession.Session.executeWithRequestId (/usr/lib/code/extensions/node_modules/typescript/lib/tsserver.js:145994:28)
    at IOSession.Session.executeCommand (/usr/lib/code/extensions/node_modules/typescript/lib/tsserver.js:146003:33)
    at IOSession.Session.onMessage (/usr/lib/code/extensions/node_modules/typescript/lib/tsserver.js:146027:35)
    at Interface.<anonymous> (/usr/lib/code/extensions/node_modules/typescript/lib/tsserver.js:147342:27)
    at Interface.emit (events.js:203:13)
    at Interface._onLine (readline.js:316:10)
    at Interface._normalWrite (readline.js:461:12)
    at Socket.ondata (readline.js:172:10)
    at Socket.emit (events.js:203:13)
    at addChunk (_stream_readable.js:295:12)
    at readableAddChunk (_stream_readable.js:276:11)
    at Socket.Readable.push (_stream_readable.js:210:10)
    at Pipe.onStreamRead (internal/stream_base_commons.js:166:17): Error: <semantic> TypeScript Server Error (3.8.3)
Cannot read property 'emitNode' of undefined
TypeError: Cannot read property 'emitNode' of undefined
    at Object.getCommentRange (/usr/lib/code/extensions/node_modules/typescript/lib/tsserver.js:71102:29)
    at emitNodeList (/usr/lib/code/extensions/node_modules/typescript/lib/tsserver.js:95676:51)
    at emitList (/usr/lib/code/extensions/node_modules/typescript/lib/tsserver.js:95555:13)
    at Object.writeList (/usr/lib/code/extensions/node_modules/typescript/lib/tsserver.js:92891:13)
    at /usr/lib/code/extensions/node_modules/typescript/lib/tsserver.js:119315:29
    at Object.mapToDisplayParts (/usr/lib/code/extensions/node_modules/typescript/lib/tsserver.js:107201:13)
    at itemInfoForParameters (/usr/lib/code/extensions/node_modules/typescript/lib/tsserver.js:119312:41)
    at getSignatureHelpItem (/usr/lib/code/extensions/node_modules/typescript/lib/tsserver.js:119278:95)
    at /usr/lib/code/extensions/node_modules/typescript/lib/tsserver.js:119251:79
    at Array.map (<anonymous>)
    at createSignatureHelpItems (/usr/lib/code/extensions/node_modules/typescript/lib/tsserver.js:119251:36)
    at /usr/lib/code/extensions/node_modules/typescript/lib/tsserver.js:118843:23
    at Object.runWithCancellationToken (/usr/lib/code/extensions/node_modules/typescript/lib/tsserver.js:34552:28)
    at Object.getSignatureHelpItems (/usr/lib/code/extensions/node_modules/typescript/lib/tsserver.js:118841:32)
    at Proxy.getSignatureHelpItems (/usr/lib/code/extensions/node_modules/typescript/lib/tsserver.js:135509:37)
    at IOSession.Session.getSignatureHelpItems (/usr/lib/code/extensions/node_modules/typescript/lib/tsserver.js:145510:62)
    at Session.handlers.ts.createMapFromTemplate._a.<computed> (/usr/lib/code/extensions/node_modules/typescript/lib/tsserver.js:144404:61)
    at /usr/lib/code/extensions/node_modules/typescript/lib/tsserver.js:146003:88
    at IOSession.Session.executeWithRequestId (/usr/lib/code/extensions/node_modules/typescript/lib/tsserver.js:145994:28)
    at IOSession.Session.executeCommand (/usr/lib/code/extensions/node_modules/typescript/lib/tsserver.js:146003:33)
    at IOSession.Session.onMessage (/usr/lib/code/extensions/node_modules/typescript/lib/tsserver.js:146027:35)
    at Interface.<anonymous> (/usr/lib/code/extensions/node_modules/typescript/lib/tsserver.js:147342:27)
    at Interface.emit (events.js:203:13)
    at Interface._onLine (readline.js:316:10)
    at Interface._normalWrite (readline.js:461:12)
    at Socket.ondata (readline.js:172:10)
    at Socket.emit (events.js:203:13)
    at addChunk (_stream_readable.js:295:12)
    at readableAddChunk (_stream_readable.js:276:11)
    at Socket.Readable.push (_stream_readable.js:210:10)
    at Pipe.onStreamRead (internal/stream_base_commons.js:166:17)
	at Function.create (/usr/lib/code/extensions/typescript-language-features/dist/extension.js:1:52449)
	at e.dispatchResponse (/usr/lib/code/extensions/typescript-language-features/dist/extension.js:1:222369)
	at e.dispatchMessage (/usr/lib/code/extensions/typescript-language-features/dist/extension.js:1:221287)
	at /usr/lib/code/extensions/typescript-language-features/dist/extension.js:1:220763
	at e.fire (/usr/lib/code/out/vs/workbench/services/extensions/node/extensionHostProcess.js:46:67)
	at t.Reader.onLengthData (/usr/lib/code/extensions/typescript-language-features/dist/extension.js:1:229425)
	at Socket.<anonymous> (/usr/lib/code/extensions/typescript-language-features/dist/extension.js:1:229073)
	at Socket.emit (events.js:203:13)
	at addChunk (_stream_readable.js:295:12)
	at readableAddChunk (_stream_readable.js:276:11)
	at Socket.Readable.push (_stream_readable.js:210:10)
	at Pipe.onStreamRead (internal/stream_base_commons.js:166:17)
[2020-06-10 00:52:11.533] [renderer1] [error] <semantic> TypeScript Server Error (3.8.3)
Cannot read property 'emitNode' of undefined
TypeError: Cannot read property 'emitNode' of undefined
    at Object.getCommentRange (/usr/lib/code/extensions/node_modules/typescript/lib/tsserver.js:71102:29)
    at emitNodeList (/usr/lib/code/extensions/node_modules/typescript/lib/tsserver.js:95676:51)
    at emitList (/usr/lib/code/extensions/node_modules/typescript/lib/tsserver.js:95555:13)
    at Object.writeList (/usr/lib/code/extensions/node_modules/typescript/lib/tsserver.js:92891:13)
    at /usr/lib/code/extensions/node_modules/typescript/lib/tsserver.js:119315:29
    at Object.mapToDisplayParts (/usr/lib/code/extensions/node_modules/typescript/lib/tsserver.js:107201:13)
    at itemInfoForParameters (/usr/lib/code/extensions/node_modules/typescript/lib/tsserver.js:119312:41)
    at getSignatureHelpItem (/usr/lib/code/extensions/node_modules/typescript/lib/tsserver.js:119278:95)
    at /usr/lib/code/extensions/node_modules/typescript/lib/tsserver.js:119251:79
    at Array.map (<anonymous>)
    at createSignatureHelpItems (/usr/lib/code/extensions/node_modules/typescript/lib/tsserver.js:119251:36)
    at /usr/lib/code/extensions/node_modules/typescript/lib/tsserver.js:118843:23
    at Object.runWithCancellationToken (/usr/lib/code/extensions/node_modules/typescript/lib/tsserver.js:34552:28)
    at Object.getSignatureHelpItems (/usr/lib/code/extensions/node_modules/typescript/lib/tsserver.js:118841:32)
    at Proxy.getSignatureHelpItems (/usr/lib/code/extensions/node_modules/typescript/lib/tsserver.js:135509:37)
    at IOSession.Session.getSignatureHelpItems (/usr/lib/code/extensions/node_modules/typescript/lib/tsserver.js:145510:62)
    at Session.handlers.ts.createMapFromTemplate._a.<computed> (/usr/lib/code/extensions/node_modules/typescript/lib/tsserver.js:144404:61)
    at /usr/lib/code/extensions/node_modules/typescript/lib/tsserver.js:146003:88
    at IOSession.Session.executeWithRequestId (/usr/lib/code/extensions/node_modules/typescript/lib/tsserver.js:145994:28)
    at IOSession.Session.executeCommand (/usr/lib/code/extensions/node_modules/typescript/lib/tsserver.js:146003:33)
    at IOSession.Session.onMessage (/usr/lib/code/extensions/node_modules/typescript/lib/tsserver.js:146027:35)
    at Interface.<anonymous> (/usr/lib/code/extensions/node_modules/typescript/lib/tsserver.js:147342:27)
    at Interface.emit (events.js:203:13)
    at Interface._onLine (readline.js:316:10)
    at Interface._normalWrite (readline.js:461:12)
    at Socket.ondata (readline.js:172:10)
    at Socket.emit (events.js:203:13)
    at addChunk (_stream_readable.js:295:12)
    at readableAddChunk (_stream_readable.js:276:11)
    at Socket.Readable.push (_stream_readable.js:210:10)
    at Pipe.onStreamRead (internal/stream_base_commons.js:166:17): Error: <semantic> TypeScript Server Error (3.8.3)
Cannot read property 'emitNode' of undefined
TypeError: Cannot read property 'emitNode' of undefined
    at Object.getCommentRange (/usr/lib/code/extensions/node_modules/typescript/lib/tsserver.js:71102:29)
    at emitNodeList (/usr/lib/code/extensions/node_modules/typescript/lib/tsserver.js:95676:51)
    at emitList (/usr/lib/code/extensions/node_modules/typescript/lib/tsserver.js:95555:13)
    at Object.writeList (/usr/lib/code/extensions/node_modules/typescript/lib/tsserver.js:92891:13)
    at /usr/lib/code/extensions/node_modules/typescript/lib/tsserver.js:119315:29
    at Object.mapToDisplayParts (/usr/lib/code/extensions/node_modules/typescript/lib/tsserver.js:107201:13)
    at itemInfoForParameters (/usr/lib/code/extensions/node_modules/typescript/lib/tsserver.js:119312:41)
    at getSignatureHelpItem (/usr/lib/code/extensions/node_modules/typescript/lib/tsserver.js:119278:95)
    at /usr/lib/code/extensions/node_modules/typescript/lib/tsserver.js:119251:79
    at Array.map (<anonymous>)
    at createSignatureHelpItems (/usr/lib/code/extensions/node_modules/typescript/lib/tsserver.js:119251:36)
    at /usr/lib/code/extensions/node_modules/typescript/lib/tsserver.js:118843:23
    at Object.runWithCancellationToken (/usr/lib/code/extensions/node_modules/typescript/lib/tsserver.js:34552:28)
    at Object.getSignatureHelpItems (/usr/lib/code/extensions/node_modules/typescript/lib/tsserver.js:118841:32)
    at Proxy.getSignatureHelpItems (/usr/lib/code/extensions/node_modules/typescript/lib/tsserver.js:135509:37)
    at IOSession.Session.getSignatureHelpItems (/usr/lib/code/extensions/node_modules/typescript/lib/tsserver.js:145510:62)
    at Session.handlers.ts.createMapFromTemplate._a.<computed> (/usr/lib/code/extensions/node_modules/typescript/lib/tsserver.js:144404:61)
    at /usr/lib/code/extensions/node_modules/typescript/lib/tsserver.js:146003:88
    at IOSession.Session.executeWithRequestId (/usr/lib/code/extensions/node_modules/typescript/lib/tsserver.js:145994:28)
    at IOSession.Session.executeCommand (/usr/lib/code/extensions/node_modules/typescript/lib/tsserver.js:146003:33)
    at IOSession.Session.onMessage (/usr/lib/code/extensions/node_modules/typescript/lib/tsserver.js:146027:35)
    at Interface.<anonymous> (/usr/lib/code/extensions/node_modules/typescript/lib/tsserver.js:147342:27)
    at Interface.emit (events.js:203:13)
    at Interface._onLine (readline.js:316:10)
    at Interface._normalWrite (readline.js:461:12)
    at Socket.ondata (readline.js:172:10)
    at Socket.emit (events.js:203:13)
    at addChunk (_stream_readable.js:295:12)
    at readableAddChunk (_stream_readable.js:276:11)
    at Socket.Readable.push (_stream_readable.js:210:10)
    at Pipe.onStreamRead (internal/stream_base_commons.js:166:17)
	at Function.create (/usr/lib/code/extensions/typescript-language-features/dist/extension.js:1:52449)
	at e.dispatchResponse (/usr/lib/code/extensions/typescript-language-features/dist/extension.js:1:222369)
	at e.dispatchMessage (/usr/lib/code/extensions/typescript-language-features/dist/extension.js:1:221287)
	at /usr/lib/code/extensions/typescript-language-features/dist/extension.js:1:220763
	at e.fire (/usr/lib/code/out/vs/workbench/services/extensions/node/extensionHostProcess.js:46:67)
	at t.Reader.onLengthData (/usr/lib/code/extensions/typescript-language-features/dist/extension.js:1:229425)
	at Socket.<anonymous> (/usr/lib/code/extensions/typescript-language-features/dist/extension.js:1:229073)
	at Socket.emit (events.js:203:13)
	at addChunk (_stream_readable.js:295:12)
	at readableAddChunk (_stream_readable.js:276:11)
	at Socket.Readable.push (_stream_readable.js:210:10)
	at Pipe.onStreamRead (internal/stream_base_commons.js:166:17)
[2020-06-10 00:52:32.749] [renderer1] [error] <semantic> TypeScript Server Error (3.8.3)
Cannot read property 'emitNode' of undefined
TypeError: Cannot read property 'emitNode' of undefined
    at Object.getCommentRange (/usr/lib/code/extensions/node_modules/typescript/lib/tsserver.js:71102:29)
    at emitNodeList (/usr/lib/code/extensions/node_modules/typescript/lib/tsserver.js:95676:51)
    at emitList (/usr/lib/code/extensions/node_modules/typescript/lib/tsserver.js:95555:13)
    at Object.writeList (/usr/lib/code/extensions/node_modules/typescript/lib/tsserver.js:92891:13)
    at /usr/lib/code/extensions/node_modules/typescript/lib/tsserver.js:119315:29
    at Object.mapToDisplayParts (/usr/lib/code/extensions/node_modules/typescript/lib/tsserver.js:107201:13)
    at itemInfoForParameters (/usr/lib/code/extensions/node_modules/typescript/lib/tsserver.js:119312:41)
    at getSignatureHelpItem (/usr/lib/code/extensions/node_modules/typescript/lib/tsserver.js:119278:95)
    at /usr/lib/code/extensions/node_modules/typescript/lib/tsserver.js:119251:79
    at Array.map (<anonymous>)
    at createSignatureHelpItems (/usr/lib/code/extensions/node_modules/typescript/lib/tsserver.js:119251:36)
    at /usr/lib/code/extensions/node_modules/typescript/lib/tsserver.js:118843:23
    at Object.runWithCancellationToken (/usr/lib/code/extensions/node_modules/typescript/lib/tsserver.js:34552:28)
    at Object.getSignatureHelpItems (/usr/lib/code/extensions/node_modules/typescript/lib/tsserver.js:118841:32)
    at Proxy.getSignatureHelpItems (/usr/lib/code/extensions/node_modules/typescript/lib/tsserver.js:135509:37)
    at IOSession.Session.getSignatureHelpItems (/usr/lib/code/extensions/node_modules/typescript/lib/tsserver.js:145510:62)
    at Session.handlers.ts.createMapFromTemplate._a.<computed> (/usr/lib/code/extensions/node_modules/typescript/lib/tsserver.js:144404:61)
    at /usr/lib/code/extensions/node_modules/typescript/lib/tsserver.js:146003:88
    at IOSession.Session.executeWithRequestId (/usr/lib/code/extensions/node_modules/typescript/lib/tsserver.js:145994:28)
    at IOSession.Session.executeCommand (/usr/lib/code/extensions/node_modules/typescript/lib/tsserver.js:146003:33)
    at IOSession.Session.onMessage (/usr/lib/code/extensions/node_modules/typescript/lib/tsserver.js:146027:35)
    at Interface.<anonymous> (/usr/lib/code/extensions/node_modules/typescript/lib/tsserver.js:147342:27)
    at Interface.emit (events.js:203:13)
    at Interface._onLine (readline.js:316:10)
    at Interface._normalWrite (readline.js:461:12)
    at Socket.ondata (readline.js:172:10)
    at Socket.emit (events.js:203:13)
    at addChunk (_stream_readable.js:295:12)
    at readableAddChunk (_stream_readable.js:276:11)
    at Socket.Readable.push (_stream_readable.js:210:10)
    at Pipe.onStreamRead (internal/stream_base_commons.js:166:17): Error: <semantic> TypeScript Server Error (3.8.3)
Cannot read property 'emitNode' of undefined
TypeError: Cannot read property 'emitNode' of undefined
    at Object.getCommentRange (/usr/lib/code/extensions/node_modules/typescript/lib/tsserver.js:71102:29)
    at emitNodeList (/usr/lib/code/extensions/node_modules/typescript/lib/tsserver.js:95676:51)
    at emitList (/usr/lib/code/extensions/node_modules/typescript/lib/tsserver.js:95555:13)
    at Object.writeList (/usr/lib/code/extensions/node_modules/typescript/lib/tsserver.js:92891:13)
    at /usr/lib/code/extensions/node_modules/typescript/lib/tsserver.js:119315:29
    at Object.mapToDisplayParts (/usr/lib/code/extensions/node_modules/typescript/lib/tsserver.js:107201:13)
    at itemInfoForParameters (/usr/lib/code/extensions/node_modules/typescript/lib/tsserver.js:119312:41)
    at getSignatureHelpItem (/usr/lib/code/extensions/node_modules/typescript/lib/tsserver.js:119278:95)
    at /usr/lib/code/extensions/node_modules/typescript/lib/tsserver.js:119251:79
    at Array.map (<anonymous>)
    at createSignatureHelpItems (/usr/lib/code/extensions/node_modules/typescript/lib/tsserver.js:119251:36)
    at /usr/lib/code/extensions/node_modules/typescript/lib/tsserver.js:118843:23
    at Object.runWithCancellationToken (/usr/lib/code/extensions/node_modules/typescript/lib/tsserver.js:34552:28)
    at Object.getSignatureHelpItems (/usr/lib/code/extensions/node_modules/typescript/lib/tsserver.js:118841:32)
    at Proxy.getSignatureHelpItems (/usr/lib/code/extensions/node_modules/typescript/lib/tsserver.js:135509:37)
    at IOSession.Session.getSignatureHelpItems (/usr/lib/code/extensions/node_modules/typescript/lib/tsserver.js:145510:62)
    at Session.handlers.ts.createMapFromTemplate._a.<computed> (/usr/lib/code/extensions/node_modules/typescript/lib/tsserver.js:144404:61)
    at /usr/lib/code/extensions/node_modules/typescript/lib/tsserver.js:146003:88
    at IOSession.Session.executeWithRequestId (/usr/lib/code/extensions/node_modules/typescript/lib/tsserver.js:145994:28)
    at IOSession.Session.executeCommand (/usr/lib/code/extensions/node_modules/typescript/lib/tsserver.js:146003:33)
    at IOSession.Session.onMessage (/usr/lib/code/extensions/node_modules/typescript/lib/tsserver.js:146027:35)
    at Interface.<anonymous> (/usr/lib/code/extensions/node_modules/typescript/lib/tsserver.js:147342:27)
    at Interface.emit (events.js:203:13)
    at Interface._onLine (readline.js:316:10)
    at Interface._normalWrite (readline.js:461:12)
    at Socket.ondata (readline.js:172:10)
    at Socket.emit (events.js:203:13)
    at addChunk (_stream_readable.js:295:12)
    at readableAddChunk (_stream_readable.js:276:11)
    at Socket.Readable.push (_stream_readable.js:210:10)
    at Pipe.onStreamRead (internal/stream_base_commons.js:166:17)
	at Function.create (/usr/lib/code/extensions/typescript-language-features/dist/extension.js:1:52449)
	at e.dispatchResponse (/usr/lib/code/extensions/typescript-language-features/dist/extension.js:1:222369)
	at e.dispatchMessage (/usr/lib/code/extensions/typescript-language-features/dist/extension.js:1:221287)
	at /usr/lib/code/extensions/typescript-language-features/dist/extension.js:1:220763
	at e.fire (/usr/lib/code/out/vs/workbench/services/extensions/node/extensionHostProcess.js:46:67)
	at t.Reader.onLengthData (/usr/lib/code/extensions/typescript-language-features/dist/extension.js:1:229425)
	at Socket.<anonymous> (/usr/lib/code/extensions/typescript-language-features/dist/extension.js:1:229073)
	at Socket.emit (events.js:203:13)
	at addChunk (_stream_readable.js:295:12)
	at readableAddChunk (_stream_readable.js:276:11)
	at Socket.Readable.push (_stream_readable.js:210:10)
	at Pipe.onStreamRead (internal/stream_base_commons.js:166:17)
[2020-06-10 00:52:40.983] [renderer1] [error] <semantic> TypeScript Server Error (3.8.3)
Cannot read property 'emitNode' of undefined
TypeError: Cannot read property 'emitNode' of undefined
    at Object.getCommentRange (/usr/lib/code/extensions/node_modules/typescript/lib/tsserver.js:71102:29)
    at emitNodeList (/usr/lib/code/extensions/node_modules/typescript/lib/tsserver.js:95676:51)
    at emitList (/usr/lib/code/extensions/node_modules/typescript/lib/tsserver.js:95555:13)
    at Object.writeList (/usr/lib/code/extensions/node_modules/typescript/lib/tsserver.js:92891:13)
    at /usr/lib/code/extensions/node_modules/typescript/lib/tsserver.js:119315:29
    at Object.mapToDisplayParts (/usr/lib/code/extensions/node_modules/typescript/lib/tsserver.js:107201:13)
    at itemInfoForParameters (/usr/lib/code/extensions/node_modules/typescript/lib/tsserver.js:119312:41)
    at getSignatureHelpItem (/usr/lib/code/extensions/node_modules/typescript/lib/tsserver.js:119278:95)
    at /usr/lib/code/extensions/node_modules/typescript/lib/tsserver.js:119251:79
    at Array.map (<anonymous>)
    at createSignatureHelpItems (/usr/lib/code/extensions/node_modules/typescript/lib/tsserver.js:119251:36)
    at /usr/lib/code/extensions/node_modules/typescript/lib/tsserver.js:118843:23
    at Object.runWithCancellationToken (/usr/lib/code/extensions/node_modules/typescript/lib/tsserver.js:34552:28)
    at Object.getSignatureHelpItems (/usr/lib/code/extensions/node_modules/typescript/lib/tsserver.js:118841:32)
    at Proxy.getSignatureHelpItems (/usr/lib/code/extensions/node_modules/typescript/lib/tsserver.js:135509:37)
    at IOSession.Session.getSignatureHelpItems (/usr/lib/code/extensions/node_modules/typescript/lib/tsserver.js:145510:62)
    at Session.handlers.ts.createMapFromTemplate._a.<computed> (/usr/lib/code/extensions/node_modules/typescript/lib/tsserver.js:144404:61)
    at /usr/lib/code/extensions/node_modules/typescript/lib/tsserver.js:146003:88
    at IOSession.Session.executeWithRequestId (/usr/lib/code/extensions/node_modules/typescript/lib/tsserver.js:145994:28)
    at IOSession.Session.executeCommand (/usr/lib/code/extensions/node_modules/typescript/lib/tsserver.js:146003:33)
    at IOSession.Session.onMessage (/usr/lib/code/extensions/node_modules/typescript/lib/tsserver.js:146027:35)
    at Interface.<anonymous> (/usr/lib/code/extensions/node_modules/typescript/lib/tsserver.js:147342:27)
    at Interface.emit (events.js:203:13)
    at Interface._onLine (readline.js:316:10)
    at Interface._normalWrite (readline.js:461:12)
    at Socket.ondata (readline.js:172:10)
    at Socket.emit (events.js:203:13)
    at addChunk (_stream_readable.js:295:12)
    at readableAddChunk (_stream_readable.js:276:11)
    at Socket.Readable.push (_stream_readable.js:210:10)
    at Pipe.onStreamRead (internal/stream_base_commons.js:166:17): Error: <semantic> TypeScript Server Error (3.8.3)
Cannot read property 'emitNode' of undefined
TypeError: Cannot read property 'emitNode' of undefined
    at Object.getCommentRange (/usr/lib/code/extensions/node_modules/typescript/lib/tsserver.js:71102:29)
    at emitNodeList (/usr/lib/code/extensions/node_modules/typescript/lib/tsserver.js:95676:51)
    at emitList (/usr/lib/code/extensions/node_modules/typescript/lib/tsserver.js:95555:13)
    at Object.writeList (/usr/lib/code/extensions/node_modules/typescript/lib/tsserver.js:92891:13)
    at /usr/lib/code/extensions/node_modules/typescript/lib/tsserver.js:119315:29
    at Object.mapToDisplayParts (/usr/lib/code/extensions/node_modules/typescript/lib/tsserver.js:107201:13)
    at itemInfoForParameters (/usr/lib/code/extensions/node_modules/typescript/lib/tsserver.js:119312:41)
    at getSignatureHelpItem (/usr/lib/code/extensions/node_modules/typescript/lib/tsserver.js:119278:95)
    at /usr/lib/code/extensions/node_modules/typescript/lib/tsserver.js:119251:79
    at Array.map (<anonymous>)
    at createSignatureHelpItems (/usr/lib/code/extensions/node_modules/typescript/lib/tsserver.js:119251:36)
    at /usr/lib/code/extensions/node_modules/typescript/lib/tsserver.js:118843:23
    at Object.runWithCancellationToken (/usr/lib/code/extensions/node_modules/typescript/lib/tsserver.js:34552:28)
    at Object.getSignatureHelpItems (/usr/lib/code/extensions/node_modules/typescript/lib/tsserver.js:118841:32)
    at Proxy.getSignatureHelpItems (/usr/lib/code/extensions/node_modules/typescript/lib/tsserver.js:135509:37)
    at IOSession.Session.getSignatureHelpItems (/usr/lib/code/extensions/node_modules/typescript/lib/tsserver.js:145510:62)
    at Session.handlers.ts.createMapFromTemplate._a.<computed> (/usr/lib/code/extensions/node_modules/typescript/lib/tsserver.js:144404:61)
    at /usr/lib/code/extensions/node_modules/typescript/lib/tsserver.js:146003:88
    at IOSession.Session.executeWithRequestId (/usr/lib/code/extensions/node_modules/typescript/lib/tsserver.js:145994:28)
    at IOSession.Session.executeCommand (/usr/lib/code/extensions/node_modules/typescript/lib/tsserver.js:146003:33)
    at IOSession.Session.onMessage (/usr/lib/code/extensions/node_modules/typescript/lib/tsserver.js:146027:35)
    at Interface.<anonymous> (/usr/lib/code/extensions/node_modules/typescript/lib/tsserver.js:147342:27)
    at Interface.emit (events.js:203:13)
    at Interface._onLine (readline.js:316:10)
    at Interface._normalWrite (readline.js:461:12)
    at Socket.ondata (readline.js:172:10)
    at Socket.emit (events.js:203:13)
    at addChunk (_stream_readable.js:295:12)
    at readableAddChunk (_stream_readable.js:276:11)
    at Socket.Readable.push (_stream_readable.js:210:10)
    at Pipe.onStreamRead (internal/stream_base_commons.js:166:17)
	at Function.create (/usr/lib/code/extensions/typescript-language-features/dist/extension.js:1:52449)
	at e.dispatchResponse (/usr/lib/code/extensions/typescript-language-features/dist/extension.js:1:222369)
	at e.dispatchMessage (/usr/lib/code/extensions/typescript-language-features/dist/extension.js:1:221287)
	at /usr/lib/code/extensions/typescript-language-features/dist/extension.js:1:220763
	at e.fire (/usr/lib/code/out/vs/workbench/services/extensions/node/extensionHostProcess.js:46:67)
	at t.Reader.onLengthData (/usr/lib/code/extensions/typescript-language-features/dist/extension.js:1:229425)
	at Socket.<anonymous> (/usr/lib/code/extensions/typescript-language-features/dist/extension.js:1:229073)
	at Socket.emit (events.js:203:13)
	at addChunk (_stream_readable.js:295:12)
	at readableAddChunk (_stream_readable.js:276:11)
	at Socket.Readable.push (_stream_readable.js:210:10)
	at Pipe.onStreamRead (internal/stream_base_commons.js:166:17)
[2020-06-10 00:54:19.259] [renderer1] [error] <semantic> TypeScript Server Error (3.8.3)
Cannot read property 'emitNode' of undefined
TypeError: Cannot read property 'emitNode' of undefined
    at Object.getCommentRange (/usr/lib/code/extensions/node_modules/typescript/lib/tsserver.js:71102:29)
    at emitNodeList (/usr/lib/code/extensions/node_modules/typescript/lib/tsserver.js:95676:51)
    at emitList (/usr/lib/code/extensions/node_modules/typescript/lib/tsserver.js:95555:13)
    at Object.writeList (/usr/lib/code/extensions/node_modules/typescript/lib/tsserver.js:92891:13)
    at /usr/lib/code/extensions/node_modules/typescript/lib/tsserver.js:119315:29
    at Object.mapToDisplayParts (/usr/lib/code/extensions/node_modules/typescript/lib/tsserver.js:107201:13)
    at itemInfoForParameters (/usr/lib/code/extensions/node_modules/typescript/lib/tsserver.js:119312:41)
    at getSignatureHelpItem (/usr/lib/code/extensions/node_modules/typescript/lib/tsserver.js:119278:95)
    at /usr/lib/code/extensions/node_modules/typescript/lib/tsserver.js:119251:79
    at Array.map (<anonymous>)
    at createSignatureHelpItems (/usr/lib/code/extensions/node_modules/typescript/lib/tsserver.js:119251:36)
    at /usr/lib/code/extensions/node_modules/typescript/lib/tsserver.js:118843:23
    at Object.runWithCancellationToken (/usr/lib/code/extensions/node_modules/typescript/lib/tsserver.js:34552:28)
    at Object.getSignatureHelpItems (/usr/lib/code/extensions/node_modules/typescript/lib/tsserver.js:118841:32)
    at Proxy.getSignatureHelpItems (/usr/lib/code/extensions/node_modules/typescript/lib/tsserver.js:135509:37)
    at IOSession.Session.getSignatureHelpItems (/usr/lib/code/extensions/node_modules/typescript/lib/tsserver.js:145510:62)
    at Session.handlers.ts.createMapFromTemplate._a.<computed> (/usr/lib/code/extensions/node_modules/typescript/lib/tsserver.js:144404:61)
    at /usr/lib/code/extensions/node_modules/typescript/lib/tsserver.js:146003:88
    at IOSession.Session.executeWithRequestId (/usr/lib/code/extensions/node_modules/typescript/lib/tsserver.js:145994:28)
    at IOSession.Session.executeCommand (/usr/lib/code/extensions/node_modules/typescript/lib/tsserver.js:146003:33)
    at IOSession.Session.onMessage (/usr/lib/code/extensions/node_modules/typescript/lib/tsserver.js:146027:35)
    at Interface.<anonymous> (/usr/lib/code/extensions/node_modules/typescript/lib/tsserver.js:147342:27)
    at Interface.emit (events.js:203:13)
    at Interface._onLine (readline.js:316:10)
    at Interface._normalWrite (readline.js:461:12)
    at Socket.ondata (readline.js:172:10)
    at Socket.emit (events.js:203:13)
    at addChunk (_stream_readable.js:295:12)
    at readableAddChunk (_stream_readable.js:276:11)
    at Socket.Readable.push (_stream_readable.js:210:10)
    at Pipe.onStreamRead (internal/stream_base_commons.js:166:17): Error: <semantic> TypeScript Server Error (3.8.3)
Cannot read property 'emitNode' of undefined
TypeError: Cannot read property 'emitNode' of undefined
    at Object.getCommentRange (/usr/lib/code/extensions/node_modules/typescript/lib/tsserver.js:71102:29)
    at emitNodeList (/usr/lib/code/extensions/node_modules/typescript/lib/tsserver.js:95676:51)
    at emitList (/usr/lib/code/extensions/node_modules/typescript/lib/tsserver.js:95555:13)
    at Object.writeList (/usr/lib/code/extensions/node_modules/typescript/lib/tsserver.js:92891:13)
    at /usr/lib/code/extensions/node_modules/typescript/lib/tsserver.js:119315:29
    at Object.mapToDisplayParts (/usr/lib/code/extensions/node_modules/typescript/lib/tsserver.js:107201:13)
    at itemInfoForParameters (/usr/lib/code/extensions/node_modules/typescript/lib/tsserver.js:119312:41)
    at getSignatureHelpItem (/usr/lib/code/extensions/node_modules/typescript/lib/tsserver.js:119278:95)
    at /usr/lib/code/extensions/node_modules/typescript/lib/tsserver.js:119251:79
    at Array.map (<anonymous>)
    at createSignatureHelpItems (/usr/lib/code/extensions/node_modules/typescript/lib/tsserver.js:119251:36)
    at /usr/lib/code/extensions/node_modules/typescript/lib/tsserver.js:118843:23
    at Object.runWithCancellationToken (/usr/lib/code/extensions/node_modules/typescript/lib/tsserver.js:34552:28)
    at Object.getSignatureHelpItems (/usr/lib/code/extensions/node_modules/typescript/lib/tsserver.js:118841:32)
    at Proxy.getSignatureHelpItems (/usr/lib/code/extensions/node_modules/typescript/lib/tsserver.js:135509:37)
    at IOSession.Session.getSignatureHelpItems (/usr/lib/code/extensions/node_modules/typescript/lib/tsserver.js:145510:62)
    at Session.handlers.ts.createMapFromTemplate._a.<computed> (/usr/lib/code/extensions/node_modules/typescript/lib/tsserver.js:144404:61)
    at /usr/lib/code/extensions/node_modules/typescript/lib/tsserver.js:146003:88
    at IOSession.Session.executeWithRequestId (/usr/lib/code/extensions/node_modules/typescript/lib/tsserver.js:145994:28)
    at IOSession.Session.executeCommand (/usr/lib/code/extensions/node_modules/typescript/lib/tsserver.js:146003:33)
    at IOSession.Session.onMessage (/usr/lib/code/extensions/node_modules/typescript/lib/tsserver.js:146027:35)
    at Interface.<anonymous> (/usr/lib/code/extensions/node_modules/typescript/lib/tsserver.js:147342:27)
    at Interface.emit (events.js:203:13)
    at Interface._onLine (readline.js:316:10)
    at Interface._normalWrite (readline.js:461:12)
    at Socket.ondata (readline.js:172:10)
    at Socket.emit (events.js:203:13)
    at addChunk (_stream_readable.js:295:12)
    at readableAddChunk (_stream_readable.js:276:11)
    at Socket.Readable.push (_stream_readable.js:210:10)
    at Pipe.onStreamRead (internal/stream_base_commons.js:166:17)
	at Function.create (/usr/lib/code/extensions/typescript-language-features/dist/extension.js:1:52449)
	at e.dispatchResponse (/usr/lib/code/extensions/typescript-language-features/dist/extension.js:1:222369)
	at e.dispatchMessage (/usr/lib/code/extensions/typescript-language-features/dist/extension.js:1:221287)
	at /usr/lib/code/extensions/typescript-language-features/dist/extension.js:1:220763
	at e.fire (/usr/lib/code/out/vs/workbench/services/extensions/node/extensionHostProcess.js:46:67)
	at t.Reader.onLengthData (/usr/lib/code/extensions/typescript-language-features/dist/extension.js:1:229425)
	at Socket.<anonymous> (/usr/lib/code/extensions/typescript-language-features/dist/extension.js:1:229073)
	at Socket.emit (events.js:203:13)
	at addChunk (_stream_readable.js:295:12)
	at readableAddChunk (_stream_readable.js:276:11)
	at Socket.Readable.push (_stream_readable.js:210:10)
	at Pipe.onStreamRead (internal/stream_base_commons.js:166:17)
[2020-06-10 01:06:47.377] [renderer1] [error] <syntax> TypeScript Server Error (3.8.3)
Debug Failure. False expression: Expected line to be non-zero
Error: Debug Failure. False expression: Expected line to be non-zero
    at failIfInvalidLocation (/usr/lib/code/extensions/node_modules/typescript/lib/tsserver.js:138899:22)
    at ScriptInfo.positionToLineOffset (/usr/lib/code/extensions/node_modules/typescript/lib/tsserver.js:138872:17)
    at toProtocolTextSpan (/usr/lib/code/extensions/node_modules/typescript/lib/tsserver.js:146077:35)
    at /usr/lib/code/extensions/node_modules/typescript/lib/tsserver.js:145608:68
    at Array.map (<anonymous>)
    at IOSession.Session.toLocationNavigationTree (/usr/lib/code/extensions/node_modules/typescript/lib/tsserver.js:145608:39)
    at IOSession.Session.getNavigationTree (/usr/lib/code/extensions/node_modules/typescript/lib/tsserver.js:145619:32)
    at Session.handlers.ts.createMapFromTemplate._a.<computed> (/usr/lib/code/extensions/node_modules/typescript/lib/tsserver.js:144481:61)
    at /usr/lib/code/extensions/node_modules/typescript/lib/tsserver.js:146003:88
    at IOSession.Session.executeWithRequestId (/usr/lib/code/extensions/node_modules/typescript/lib/tsserver.js:145994:28)
    at IOSession.Session.executeCommand (/usr/lib/code/extensions/node_modules/typescript/lib/tsserver.js:146003:33)
    at IOSession.Session.onMessage (/usr/lib/code/extensions/node_modules/typescript/lib/tsserver.js:146027:35)
    at Interface.<anonymous> (/usr/lib/code/extensions/node_modules/typescript/lib/tsserver.js:147342:27)
    at Interface.emit (events.js:203:13)
    at Interface._onLine (readline.js:316:10)
    at Interface._normalWrite (readline.js:461:12)
    at Socket.ondata (readline.js:172:10)
    at Socket.emit (events.js:203:13)
    at addChunk (_stream_readable.js:295:12)
    at readableAddChunk (_stream_readable.js:276:11)
    at Socket.Readable.push (_stream_readable.js:210:10)
    at Pipe.onStreamRead (internal/stream_base_commons.js:166:17): Error: <syntax> TypeScript Server Error (3.8.3)
Debug Failure. False expression: Expected line to be non-zero
Error: Debug Failure. False expression: Expected line to be non-zero
    at failIfInvalidLocation (/usr/lib/code/extensions/node_modules/typescript/lib/tsserver.js:138899:22)
    at ScriptInfo.positionToLineOffset (/usr/lib/code/extensions/node_modules/typescript/lib/tsserver.js:138872:17)
    at toProtocolTextSpan (/usr/lib/code/extensions/node_modules/typescript/lib/tsserver.js:146077:35)
    at /usr/lib/code/extensions/node_modules/typescript/lib/tsserver.js:145608:68
    at Array.map (<anonymous>)
    at IOSession.Session.toLocationNavigationTree (/usr/lib/code/extensions/node_modules/typescript/lib/tsserver.js:145608:39)
    at IOSession.Session.getNavigationTree (/usr/lib/code/extensions/node_modules/typescript/lib/tsserver.js:145619:32)
    at Session.handlers.ts.createMapFromTemplate._a.<computed> (/usr/lib/code/extensions/node_modules/typescript/lib/tsserver.js:144481:61)
    at /usr/lib/code/extensions/node_modules/typescript/lib/tsserver.js:146003:88
    at IOSession.Session.executeWithRequestId (/usr/lib/code/extensions/node_modules/typescript/lib/tsserver.js:145994:28)
    at IOSession.Session.executeCommand (/usr/lib/code/extensions/node_modules/typescript/lib/tsserver.js:146003:33)
    at IOSession.Session.onMessage (/usr/lib/code/extensions/node_modules/typescript/lib/tsserver.js:146027:35)
    at Interface.<anonymous> (/usr/lib/code/extensions/node_modules/typescript/lib/tsserver.js:147342:27)
    at Interface.emit (events.js:203:13)
    at Interface._onLine (readline.js:316:10)
    at Interface._normalWrite (readline.js:461:12)
    at Socket.ondata (readline.js:172:10)
    at Socket.emit (events.js:203:13)
    at addChunk (_stream_readable.js:295:12)
    at readableAddChunk (_stream_readable.js:276:11)
    at Socket.Readable.push (_stream_readable.js:210:10)
    at Pipe.onStreamRead (internal/stream_base_commons.js:166:17)
	at Function.create (/usr/lib/code/extensions/typescript-language-features/dist/extension.js:1:52449)
	at e.dispatchResponse (/usr/lib/code/extensions/typescript-language-features/dist/extension.js:1:222369)
	at e.dispatchMessage (/usr/lib/code/extensions/typescript-language-features/dist/extension.js:1:221287)
	at /usr/lib/code/extensions/typescript-language-features/dist/extension.js:1:220763
	at e.fire (/usr/lib/code/out/vs/workbench/services/extensions/node/extensionHostProcess.js:46:67)
	at t.Reader.onLengthData (/usr/lib/code/extensions/typescript-language-features/dist/extension.js:1:229425)
	at Socket.<anonymous> (/usr/lib/code/extensions/typescript-language-features/dist/extension.js:1:229073)
	at Socket.emit (events.js:203:13)
	at addChunk (_stream_readable.js:295:12)
	at readableAddChunk (_stream_readable.js:276:11)
	at Socket.Readable.push (_stream_readable.js:210:10)
	at Pipe.onStreamRead (internal/stream_base_commons.js:166:17)
[2020-06-10 01:21:24.920] [renderer1] [error] <semantic> TypeScript Server Error (3.8.3)
Cannot read property 'emitNode' of undefined
TypeError: Cannot read property 'emitNode' of undefined
    at Object.getCommentRange (/usr/lib/code/extensions/node_modules/typescript/lib/tsserver.js:71102:29)
    at emitNodeList (/usr/lib/code/extensions/node_modules/typescript/lib/tsserver.js:95676:51)
    at emitList (/usr/lib/code/extensions/node_modules/typescript/lib/tsserver.js:95555:13)
    at Object.writeList (/usr/lib/code/extensions/node_modules/typescript/lib/tsserver.js:92891:13)
    at /usr/lib/code/extensions/node_modules/typescript/lib/tsserver.js:119315:29
    at Object.mapToDisplayParts (/usr/lib/code/extensions/node_modules/typescript/lib/tsserver.js:107201:13)
    at itemInfoForParameters (/usr/lib/code/extensions/node_modules/typescript/lib/tsserver.js:119312:41)
    at getSignatureHelpItem (/usr/lib/code/extensions/node_modules/typescript/lib/tsserver.js:119278:95)
    at /usr/lib/code/extensions/node_modules/typescript/lib/tsserver.js:119251:79
    at Array.map (<anonymous>)
    at createSignatureHelpItems (/usr/lib/code/extensions/node_modules/typescript/lib/tsserver.js:119251:36)
    at /usr/lib/code/extensions/node_modules/typescript/lib/tsserver.js:118843:23
    at Object.runWithCancellationToken (/usr/lib/code/extensions/node_modules/typescript/lib/tsserver.js:34552:28)
    at Object.getSignatureHelpItems (/usr/lib/code/extensions/node_modules/typescript/lib/tsserver.js:118841:32)
    at Proxy.getSignatureHelpItems (/usr/lib/code/extensions/node_modules/typescript/lib/tsserver.js:135509:37)
    at IOSession.Session.getSignatureHelpItems (/usr/lib/code/extensions/node_modules/typescript/lib/tsserver.js:145510:62)
    at Session.handlers.ts.createMapFromTemplate._a.<computed> (/usr/lib/code/extensions/node_modules/typescript/lib/tsserver.js:144404:61)
    at /usr/lib/code/extensions/node_modules/typescript/lib/tsserver.js:146003:88
    at IOSession.Session.executeWithRequestId (/usr/lib/code/extensions/node_modules/typescript/lib/tsserver.js:145994:28)
    at IOSession.Session.executeCommand (/usr/lib/code/extensions/node_modules/typescript/lib/tsserver.js:146003:33)
    at IOSession.Session.onMessage (/usr/lib/code/extensions/node_modules/typescript/lib/tsserver.js:146027:35)
    at Interface.<anonymous> (/usr/lib/code/extensions/node_modules/typescript/lib/tsserver.js:147342:27)
    at Interface.emit (events.js:203:13)
    at Interface._onLine (readline.js:316:10)
    at Interface._normalWrite (readline.js:461:12)
    at Socket.ondata (readline.js:172:10)
    at Socket.emit (events.js:203:13)
    at addChunk (_stream_readable.js:295:12)
    at readableAddChunk (_stream_readable.js:276:11)
    at Socket.Readable.push (_stream_readable.js:210:10)
    at Pipe.onStreamRead (internal/stream_base_commons.js:166:17): Error: <semantic> TypeScript Server Error (3.8.3)
Cannot read property 'emitNode' of undefined
TypeError: Cannot read property 'emitNode' of undefined
    at Object.getCommentRange (/usr/lib/code/extensions/node_modules/typescript/lib/tsserver.js:71102:29)
    at emitNodeList (/usr/lib/code/extensions/node_modules/typescript/lib/tsserver.js:95676:51)
    at emitList (/usr/lib/code/extensions/node_modules/typescript/lib/tsserver.js:95555:13)
    at Object.writeList (/usr/lib/code/extensions/node_modules/typescript/lib/tsserver.js:92891:13)
    at /usr/lib/code/extensions/node_modules/typescript/lib/tsserver.js:119315:29
    at Object.mapToDisplayParts (/usr/lib/code/extensions/node_modules/typescript/lib/tsserver.js:107201:13)
    at itemInfoForParameters (/usr/lib/code/extensions/node_modules/typescript/lib/tsserver.js:119312:41)
    at getSignatureHelpItem (/usr/lib/code/extensions/node_modules/typescript/lib/tsserver.js:119278:95)
    at /usr/lib/code/extensions/node_modules/typescript/lib/tsserver.js:119251:79
    at Array.map (<anonymous>)
    at createSignatureHelpItems (/usr/lib/code/extensions/node_modules/typescript/lib/tsserver.js:119251:36)
    at /usr/lib/code/extensions/node_modules/typescript/lib/tsserver.js:118843:23
    at Object.runWithCancellationToken (/usr/lib/code/extensions/node_modules/typescript/lib/tsserver.js:34552:28)
    at Object.getSignatureHelpItems (/usr/lib/code/extensions/node_modules/typescript/lib/tsserver.js:118841:32)
    at Proxy.getSignatureHelpItems (/usr/lib/code/extensions/node_modules/typescript/lib/tsserver.js:135509:37)
    at IOSession.Session.getSignatureHelpItems (/usr/lib/code/extensions/node_modules/typescript/lib/tsserver.js:145510:62)
    at Session.handlers.ts.createMapFromTemplate._a.<computed> (/usr/lib/code/extensions/node_modules/typescript/lib/tsserver.js:144404:61)
    at /usr/lib/code/extensions/node_modules/typescript/lib/tsserver.js:146003:88
    at IOSession.Session.executeWithRequestId (/usr/lib/code/extensions/node_modules/typescript/lib/tsserver.js:145994:28)
    at IOSession.Session.executeCommand (/usr/lib/code/extensions/node_modules/typescript/lib/tsserver.js:146003:33)
    at IOSession.Session.onMessage (/usr/lib/code/extensions/node_modules/typescript/lib/tsserver.js:146027:35)
    at Interface.<anonymous> (/usr/lib/code/extensions/node_modules/typescript/lib/tsserver.js:147342:27)
    at Interface.emit (events.js:203:13)
    at Interface._onLine (readline.js:316:10)
    at Interface._normalWrite (readline.js:461:12)
    at Socket.ondata (readline.js:172:10)
    at Socket.emit (events.js:203:13)
    at addChunk (_stream_readable.js:295:12)
    at readableAddChunk (_stream_readable.js:276:11)
    at Socket.Readable.push (_stream_readable.js:210:10)
    at Pipe.onStreamRead (internal/stream_base_commons.js:166:17)
	at Function.create (/usr/lib/code/extensions/typescript-language-features/dist/extension.js:1:52449)
	at e.dispatchResponse (/usr/lib/code/extensions/typescript-language-features/dist/extension.js:1:222369)
	at e.dispatchMessage (/usr/lib/code/extensions/typescript-language-features/dist/extension.js:1:221287)
	at /usr/lib/code/extensions/typescript-language-features/dist/extension.js:1:220763
	at e.fire (/usr/lib/code/out/vs/workbench/services/extensions/node/extensionHostProcess.js:46:67)
	at t.Reader.onLengthData (/usr/lib/code/extensions/typescript-language-features/dist/extension.js:1:229425)
	at Socket.<anonymous> (/usr/lib/code/extensions/typescript-language-features/dist/extension.js:1:229073)
	at Socket.emit (events.js:203:13)
	at addChunk (_stream_readable.js:295:12)
	at readableAddChunk (_stream_readable.js:276:11)
	at Socket.Readable.push (_stream_readable.js:210:10)
	at Pipe.onStreamRead (internal/stream_base_commons.js:166:17)
[2020-06-10 01:21:35.568] [renderer1] [error] <semantic> TypeScript Server Error (3.8.3)
Cannot read property 'emitNode' of undefined
TypeError: Cannot read property 'emitNode' of undefined
    at Object.getCommentRange (/usr/lib/code/extensions/node_modules/typescript/lib/tsserver.js:71102:29)
    at emitNodeList (/usr/lib/code/extensions/node_modules/typescript/lib/tsserver.js:95676:51)
    at emitList (/usr/lib/code/extensions/node_modules/typescript/lib/tsserver.js:95555:13)
    at Object.writeList (/usr/lib/code/extensions/node_modules/typescript/lib/tsserver.js:92891:13)
    at /usr/lib/code/extensions/node_modules/typescript/lib/tsserver.js:119315:29
    at Object.mapToDisplayParts (/usr/lib/code/extensions/node_modules/typescript/lib/tsserver.js:107201:13)
    at itemInfoForParameters (/usr/lib/code/extensions/node_modules/typescript/lib/tsserver.js:119312:41)
    at getSignatureHelpItem (/usr/lib/code/extensions/node_modules/typescript/lib/tsserver.js:119278:95)
    at /usr/lib/code/extensions/node_modules/typescript/lib/tsserver.js:119251:79
    at Array.map (<anonymous>)
    at createSignatureHelpItems (/usr/lib/code/extensions/node_modules/typescript/lib/tsserver.js:119251:36)
    at /usr/lib/code/extensions/node_modules/typescript/lib/tsserver.js:118843:23
    at Object.runWithCancellationToken (/usr/lib/code/extensions/node_modules/typescript/lib/tsserver.js:34552:28)
    at Object.getSignatureHelpItems (/usr/lib/code/extensions/node_modules/typescript/lib/tsserver.js:118841:32)
    at Proxy.getSignatureHelpItems (/usr/lib/code/extensions/node_modules/typescript/lib/tsserver.js:135509:37)
    at IOSession.Session.getSignatureHelpItems (/usr/lib/code/extensions/node_modules/typescript/lib/tsserver.js:145510:62)
    at Session.handlers.ts.createMapFromTemplate._a.<computed> (/usr/lib/code/extensions/node_modules/typescript/lib/tsserver.js:144404:61)
    at /usr/lib/code/extensions/node_modules/typescript/lib/tsserver.js:146003:88
    at IOSession.Session.executeWithRequestId (/usr/lib/code/extensions/node_modules/typescript/lib/tsserver.js:145994:28)
    at IOSession.Session.executeCommand (/usr/lib/code/extensions/node_modules/typescript/lib/tsserver.js:146003:33)
    at IOSession.Session.onMessage (/usr/lib/code/extensions/node_modules/typescript/lib/tsserver.js:146027:35)
    at Interface.<anonymous> (/usr/lib/code/extensions/node_modules/typescript/lib/tsserver.js:147342:27)
    at Interface.emit (events.js:203:13)
    at Interface._onLine (readline.js:316:10)
    at Interface._normalWrite (readline.js:461:12)
    at Socket.ondata (readline.js:172:10)
    at Socket.emit (events.js:203:13)
    at addChunk (_stream_readable.js:295:12)
    at readableAddChunk (_stream_readable.js:276:11)
    at Socket.Readable.push (_stream_readable.js:210:10)
    at Pipe.onStreamRead (internal/stream_base_commons.js:166:17): Error: <semantic> TypeScript Server Error (3.8.3)
Cannot read property 'emitNode' of undefined
TypeError: Cannot read property 'emitNode' of undefined
    at Object.getCommentRange (/usr/lib/code/extensions/node_modules/typescript/lib/tsserver.js:71102:29)
    at emitNodeList (/usr/lib/code/extensions/node_modules/typescript/lib/tsserver.js:95676:51)
    at emitList (/usr/lib/code/extensions/node_modules/typescript/lib/tsserver.js:95555:13)
    at Object.writeList (/usr/lib/code/extensions/node_modules/typescript/lib/tsserver.js:92891:13)
    at /usr/lib/code/extensions/node_modules/typescript/lib/tsserver.js:119315:29
    at Object.mapToDisplayParts (/usr/lib/code/extensions/node_modules/typescript/lib/tsserver.js:107201:13)
    at itemInfoForParameters (/usr/lib/code/extensions/node_modules/typescript/lib/tsserver.js:119312:41)
    at getSignatureHelpItem (/usr/lib/code/extensions/node_modules/typescript/lib/tsserver.js:119278:95)
    at /usr/lib/code/extensions/node_modules/typescript/lib/tsserver.js:119251:79
    at Array.map (<anonymous>)
    at createSignatureHelpItems (/usr/lib/code/extensions/node_modules/typescript/lib/tsserver.js:119251:36)
    at /usr/lib/code/extensions/node_modules/typescript/lib/tsserver.js:118843:23
    at Object.runWithCancellationToken (/usr/lib/code/extensions/node_modules/typescript/lib/tsserver.js:34552:28)
    at Object.getSignatureHelpItems (/usr/lib/code/extensions/node_modules/typescript/lib/tsserver.js:118841:32)
    at Proxy.getSignatureHelpItems (/usr/lib/code/extensions/node_modules/typescript/lib/tsserver.js:135509:37)
    at IOSession.Session.getSignatureHelpItems (/usr/lib/code/extensions/node_modules/typescript/lib/tsserver.js:145510:62)
    at Session.handlers.ts.createMapFromTemplate._a.<computed> (/usr/lib/code/extensions/node_modules/typescript/lib/tsserver.js:144404:61)
    at /usr/lib/code/extensions/node_modules/typescript/lib/tsserver.js:146003:88
    at IOSession.Session.executeWithRequestId (/usr/lib/code/extensions/node_modules/typescript/lib/tsserver.js:145994:28)
    at IOSession.Session.executeCommand (/usr/lib/code/extensions/node_modules/typescript/lib/tsserver.js:146003:33)
    at IOSession.Session.onMessage (/usr/lib/code/extensions/node_modules/typescript/lib/tsserver.js:146027:35)
    at Interface.<anonymous> (/usr/lib/code/extensions/node_modules/typescript/lib/tsserver.js:147342:27)
    at Interface.emit (events.js:203:13)
    at Interface._onLine (readline.js:316:10)
    at Interface._normalWrite (readline.js:461:12)
    at Socket.ondata (readline.js:172:10)
    at Socket.emit (events.js:203:13)
    at addChunk (_stream_readable.js:295:12)
    at readableAddChunk (_stream_readable.js:276:11)
    at Socket.Readable.push (_stream_readable.js:210:10)
    at Pipe.onStreamRead (internal/stream_base_commons.js:166:17)
	at Function.create (/usr/lib/code/extensions/typescript-language-features/dist/extension.js:1:52449)
	at e.dispatchResponse (/usr/lib/code/extensions/typescript-language-features/dist/extension.js:1:222369)
	at e.dispatchMessage (/usr/lib/code/extensions/typescript-language-features/dist/extension.js:1:221287)
	at /usr/lib/code/extensions/typescript-language-features/dist/extension.js:1:220763
	at e.fire (/usr/lib/code/out/vs/workbench/services/extensions/node/extensionHostProcess.js:46:67)
	at t.Reader.onLengthData (/usr/lib/code/extensions/typescript-language-features/dist/extension.js:1:229425)
	at Socket.<anonymous> (/usr/lib/code/extensions/typescript-language-features/dist/extension.js:1:229073)
	at Socket.emit (events.js:203:13)
	at addChunk (_stream_readable.js:295:12)
	at readableAddChunk (_stream_readable.js:276:11)
	at Socket.Readable.push (_stream_readable.js:210:10)
	at Pipe.onStreamRead (internal/stream_base_commons.js:166:17)
[2020-06-10 01:21:42.967] [renderer1] [error] <semantic> TypeScript Server Error (3.8.3)
Cannot read property 'emitNode' of undefined
TypeError: Cannot read property 'emitNode' of undefined
    at Object.getCommentRange (/usr/lib/code/extensions/node_modules/typescript/lib/tsserver.js:71102:29)
    at emitNodeList (/usr/lib/code/extensions/node_modules/typescript/lib/tsserver.js:95676:51)
    at emitList (/usr/lib/code/extensions/node_modules/typescript/lib/tsserver.js:95555:13)
    at Object.writeList (/usr/lib/code/extensions/node_modules/typescript/lib/tsserver.js:92891:13)
    at /usr/lib/code/extensions/node_modules/typescript/lib/tsserver.js:119315:29
    at Object.mapToDisplayParts (/usr/lib/code/extensions/node_modules/typescript/lib/tsserver.js:107201:13)
    at itemInfoForParameters (/usr/lib/code/extensions/node_modules/typescript/lib/tsserver.js:119312:41)
    at getSignatureHelpItem (/usr/lib/code/extensions/node_modules/typescript/lib/tsserver.js:119278:95)
    at /usr/lib/code/extensions/node_modules/typescript/lib/tsserver.js:119251:79
    at Array.map (<anonymous>)
    at createSignatureHelpItems (/usr/lib/code/extensions/node_modules/typescript/lib/tsserver.js:119251:36)
    at /usr/lib/code/extensions/node_modules/typescript/lib/tsserver.js:118843:23
    at Object.runWithCancellationToken (/usr/lib/code/extensions/node_modules/typescript/lib/tsserver.js:34552:28)
    at Object.getSignatureHelpItems (/usr/lib/code/extensions/node_modules/typescript/lib/tsserver.js:118841:32)
    at Proxy.getSignatureHelpItems (/usr/lib/code/extensions/node_modules/typescript/lib/tsserver.js:135509:37)
    at IOSession.Session.getSignatureHelpItems (/usr/lib/code/extensions/node_modules/typescript/lib/tsserver.js:145510:62)
    at Session.handlers.ts.createMapFromTemplate._a.<computed> (/usr/lib/code/extensions/node_modules/typescript/lib/tsserver.js:144404:61)
    at /usr/lib/code/extensions/node_modules/typescript/lib/tsserver.js:146003:88
    at IOSession.Session.executeWithRequestId (/usr/lib/code/extensions/node_modules/typescript/lib/tsserver.js:145994:28)
    at IOSession.Session.executeCommand (/usr/lib/code/extensions/node_modules/typescript/lib/tsserver.js:146003:33)
    at IOSession.Session.onMessage (/usr/lib/code/extensions/node_modules/typescript/lib/tsserver.js:146027:35)
    at Interface.<anonymous> (/usr/lib/code/extensions/node_modules/typescript/lib/tsserver.js:147342:27)
    at Interface.emit (events.js:203:13)
    at Interface._onLine (readline.js:316:10)
    at Interface._normalWrite (readline.js:461:12)
    at Socket.ondata (readline.js:172:10)
    at Socket.emit (events.js:203:13)
    at addChunk (_stream_readable.js:295:12)
    at readableAddChunk (_stream_readable.js:276:11)
    at Socket.Readable.push (_stream_readable.js:210:10)
    at Pipe.onStreamRead (internal/stream_base_commons.js:166:17): Error: <semantic> TypeScript Server Error (3.8.3)
Cannot read property 'emitNode' of undefined
TypeError: Cannot read property 'emitNode' of undefined
    at Object.getCommentRange (/usr/lib/code/extensions/node_modules/typescript/lib/tsserver.js:71102:29)
    at emitNodeList (/usr/lib/code/extensions/node_modules/typescript/lib/tsserver.js:95676:51)
    at emitList (/usr/lib/code/extensions/node_modules/typescript/lib/tsserver.js:95555:13)
    at Object.writeList (/usr/lib/code/extensions/node_modules/typescript/lib/tsserver.js:92891:13)
    at /usr/lib/code/extensions/node_modules/typescript/lib/tsserver.js:119315:29
    at Object.mapToDisplayParts (/usr/lib/code/extensions/node_modules/typescript/lib/tsserver.js:107201:13)
    at itemInfoForParameters (/usr/lib/code/extensions/node_modules/typescript/lib/tsserver.js:119312:41)
    at getSignatureHelpItem (/usr/lib/code/extensions/node_modules/typescript/lib/tsserver.js:119278:95)
    at /usr/lib/code/extensions/node_modules/typescript/lib/tsserver.js:119251:79
    at Array.map (<anonymous>)
    at createSignatureHelpItems (/usr/lib/code/extensions/node_modules/typescript/lib/tsserver.js:119251:36)
    at /usr/lib/code/extensions/node_modules/typescript/lib/tsserver.js:118843:23
    at Object.runWithCancellationToken (/usr/lib/code/extensions/node_modules/typescript/lib/tsserver.js:34552:28)
    at Object.getSignatureHelpItems (/usr/lib/code/extensions/node_modules/typescript/lib/tsserver.js:118841:32)
    at Proxy.getSignatureHelpItems (/usr/lib/code/extensions/node_modules/typescript/lib/tsserver.js:135509:37)
    at IOSession.Session.getSignatureHelpItems (/usr/lib/code/extensions/node_modules/typescript/lib/tsserver.js:145510:62)
    at Session.handlers.ts.createMapFromTemplate._a.<computed> (/usr/lib/code/extensions/node_modules/typescript/lib/tsserver.js:144404:61)
    at /usr/lib/code/extensions/node_modules/typescript/lib/tsserver.js:146003:88
    at IOSession.Session.executeWithRequestId (/usr/lib/code/extensions/node_modules/typescript/lib/tsserver.js:145994:28)
    at IOSession.Session.executeCommand (/usr/lib/code/extensions/node_modules/typescript/lib/tsserver.js:146003:33)
    at IOSession.Session.onMessage (/usr/lib/code/extensions/node_modules/typescript/lib/tsserver.js:146027:35)
    at Interface.<anonymous> (/usr/lib/code/extensions/node_modules/typescript/lib/tsserver.js:147342:27)
    at Interface.emit (events.js:203:13)
    at Interface._onLine (readline.js:316:10)
    at Interface._normalWrite (readline.js:461:12)
    at Socket.ondata (readline.js:172:10)
    at Socket.emit (events.js:203:13)
    at addChunk (_stream_readable.js:295:12)
    at readableAddChunk (_stream_readable.js:276:11)
    at Socket.Readable.push (_stream_readable.js:210:10)
    at Pipe.onStreamRead (internal/stream_base_commons.js:166:17)
	at Function.create (/usr/lib/code/extensions/typescript-language-features/dist/extension.js:1:52449)
	at e.dispatchResponse (/usr/lib/code/extensions/typescript-language-features/dist/extension.js:1:222369)
	at e.dispatchMessage (/usr/lib/code/extensions/typescript-language-features/dist/extension.js:1:221287)
	at /usr/lib/code/extensions/typescript-language-features/dist/extension.js:1:220763
	at e.fire (/usr/lib/code/out/vs/workbench/services/extensions/node/extensionHostProcess.js:46:67)
	at t.Reader.onLengthData (/usr/lib/code/extensions/typescript-language-features/dist/extension.js:1:229425)
	at Socket.<anonymous> (/usr/lib/code/extensions/typescript-language-features/dist/extension.js:1:229073)
	at Socket.emit (events.js:203:13)
	at addChunk (_stream_readable.js:295:12)
	at readableAddChunk (_stream_readable.js:276:11)
	at Socket.Readable.push (_stream_readable.js:210:10)
	at Pipe.onStreamRead (internal/stream_base_commons.js:166:17)
